{"/Users/Vera/work/optimus-prime/optimus-prime/client/src/index.jsx": {"path":"/Users/Vera/work/optimus-prime/optimus-prime/client/src/index.jsx","statementMap":{"0":{"start":{"line":11,"column":4},"end":{"line":25,"column":6}},"1":{"start":{"line":30,"column":15},"end":{"line":30,"column":44}},"2":{"start":{"line":31,"column":20},"end":{"line":31,"column":49}},"3":{"start":{"line":32,"column":2},"end":{"line":32,"column":30}},"4":{"start":{"line":33,"column":2},"end":{"line":33,"column":51}},"5":{"start":{"line":34,"column":2},"end":{"line":34,"column":56}},"6":{"start":{"line":35,"column":2},"end":{"line":35,"column":56}},"7":{"start":{"line":36,"column":2},"end":{"line":36,"column":44}},"8":{"start":{"line":39,"column":0},"end":{"line":39,"column":7}}},"fnMap":{"0":{"name":"(anonymous_0)","decl":{"start":{"line":10,"column":2},"end":{"line":10,"column":3}},"loc":{"start":{"line":10,"column":11},"end":{"line":26,"column":3}},"line":10},"1":{"name":"main","decl":{"start":{"line":29,"column":15},"end":{"line":29,"column":19}},"loc":{"start":{"line":29,"column":22},"end":{"line":37,"column":1}},"line":29}},"branchMap":{},"s":{"0":0,"1":0,"2":0,"3":0,"4":0,"5":0,"6":0,"7":0,"8":0},"f":{"0":0,"1":0},"b":{}}
,"/Users/Vera/work/optimus-prime/optimus-prime/client/src/setupProxy.js": {"path":"/Users/Vera/work/optimus-prime/optimus-prime/client/src/setupProxy.js","statementMap":{"0":{"start":{"line":1,"column":34},"end":{"line":1,"column":66}},"1":{"start":{"line":3,"column":0},"end":{"line":11,"column":2}},"2":{"start":{"line":4,"column":2},"end":{"line":10,"column":4}}},"fnMap":{"0":{"name":"(anonymous_0)","decl":{"start":{"line":3,"column":17},"end":{"line":3,"column":18}},"loc":{"start":{"line":3,"column":32},"end":{"line":11,"column":1}},"line":3}},"branchMap":{},"s":{"0":0,"1":0,"2":0},"f":{"0":0},"b":{}}
,"/Users/Vera/work/optimus-prime/optimus-prime/client/src/components/index.js": {"path":"/Users/Vera/work/optimus-prime/optimus-prime/client/src/components/index.js","statementMap":{},"fnMap":{},"branchMap":{},"s":{},"f":{},"b":{}}
,"/Users/Vera/work/optimus-prime/optimus-prime/client/src/components/Gallery/Gallery.jsx": {"path":"/Users/Vera/work/optimus-prime/optimus-prime/client/src/components/Gallery/Gallery.jsx","statementMap":{"0":{"start":{"line":7,"column":19},"end":{"line":7,"column":20}},"1":{"start":{"line":11,"column":12},"end":{"line":13,"column":5}},"2":{"start":{"line":15,"column":15},"end":{"line":29,"column":5}},"3":{"start":{"line":16,"column":29},"end":{"line":16,"column":39}},"4":{"start":{"line":18,"column":20},"end":{"line":18,"column":72}},"5":{"start":{"line":19,"column":8},"end":{"line":19,"column":24}},"6":{"start":{"line":21,"column":8},"end":{"line":22,"column":79}},"7":{"start":{"line":22,"column":12},"end":{"line":22,"column":78}},"8":{"start":{"line":23,"column":8},"end":{"line":24,"column":79}},"9":{"start":{"line":24,"column":12},"end":{"line":24,"column":78}},"10":{"start":{"line":25,"column":8},"end":{"line":26,"column":79}},"11":{"start":{"line":26,"column":12},"end":{"line":26,"column":78}},"12":{"start":{"line":28,"column":8},"end":{"line":28,"column":73}},"13":{"start":{"line":28,"column":31},"end":{"line":28,"column":70}},"14":{"start":{"line":31,"column":15},"end":{"line":44,"column":5}},"15":{"start":{"line":32,"column":29},"end":{"line":32,"column":39}},"16":{"start":{"line":33,"column":22},"end":{"line":33,"column":74}},"17":{"start":{"line":34,"column":8},"end":{"line":34,"column":23}},"18":{"start":{"line":36,"column":8},"end":{"line":37,"column":77}},"19":{"start":{"line":37,"column":12},"end":{"line":37,"column":76}},"20":{"start":{"line":38,"column":8},"end":{"line":39,"column":79}},"21":{"start":{"line":39,"column":12},"end":{"line":39,"column":78}},"22":{"start":{"line":40,"column":8},"end":{"line":41,"column":79}},"23":{"start":{"line":41,"column":12},"end":{"line":41,"column":78}},"24":{"start":{"line":43,"column":8},"end":{"line":43,"column":73}},"25":{"start":{"line":43,"column":31},"end":{"line":43,"column":70}},"26":{"start":{"line":46,"column":15},"end":{"line":49,"column":5}},"27":{"start":{"line":47,"column":8},"end":{"line":47,"column":44}},"28":{"start":{"line":48,"column":8},"end":{"line":48,"column":29}},"29":{"start":{"line":52,"column":29},"end":{"line":52,"column":39}},"30":{"start":{"line":53,"column":33},"end":{"line":53,"column":43}},"31":{"start":{"line":55,"column":8},"end":{"line":66,"column":22}}},"fnMap":{"0":{"name":"(anonymous_0)","decl":{"start":{"line":15,"column":15},"end":{"line":15,"column":16}},"loc":{"start":{"line":15,"column":21},"end":{"line":29,"column":5}},"line":15},"1":{"name":"(anonymous_1)","decl":{"start":{"line":28,"column":22},"end":{"line":28,"column":23}},"loc":{"start":{"line":28,"column":31},"end":{"line":28,"column":70}},"line":28},"2":{"name":"(anonymous_2)","decl":{"start":{"line":31,"column":15},"end":{"line":31,"column":16}},"loc":{"start":{"line":31,"column":21},"end":{"line":44,"column":5}},"line":31},"3":{"name":"(anonymous_3)","decl":{"start":{"line":43,"column":22},"end":{"line":43,"column":23}},"loc":{"start":{"line":43,"column":31},"end":{"line":43,"column":70}},"line":43},"4":{"name":"(anonymous_4)","decl":{"start":{"line":46,"column":15},"end":{"line":46,"column":16}},"loc":{"start":{"line":46,"column":26},"end":{"line":49,"column":5}},"line":46},"5":{"name":"(anonymous_5)","decl":{"start":{"line":51,"column":4},"end":{"line":51,"column":5}},"loc":{"start":{"line":51,"column":13},"end":{"line":67,"column":5}},"line":51}},"branchMap":{"0":{"loc":{"start":{"line":21,"column":8},"end":{"line":22,"column":79}},"type":"if","locations":[{"start":{"line":21,"column":8},"end":{"line":22,"column":79}},{"start":{},"end":{}}],"line":21},"1":{"loc":{"start":{"line":23,"column":8},"end":{"line":24,"column":79}},"type":"if","locations":[{"start":{"line":23,"column":8},"end":{"line":24,"column":79}},{"start":{},"end":{}}],"line":23},"2":{"loc":{"start":{"line":25,"column":8},"end":{"line":26,"column":79}},"type":"if","locations":[{"start":{"line":25,"column":8},"end":{"line":26,"column":79}},{"start":{},"end":{}}],"line":25},"3":{"loc":{"start":{"line":36,"column":8},"end":{"line":37,"column":77}},"type":"if","locations":[{"start":{"line":36,"column":8},"end":{"line":37,"column":77}},{"start":{},"end":{}}],"line":36},"4":{"loc":{"start":{"line":38,"column":8},"end":{"line":39,"column":79}},"type":"if","locations":[{"start":{"line":38,"column":8},"end":{"line":39,"column":79}},{"start":{},"end":{}}],"line":38},"5":{"loc":{"start":{"line":40,"column":8},"end":{"line":41,"column":79}},"type":"if","locations":[{"start":{"line":40,"column":8},"end":{"line":41,"column":79}},{"start":{},"end":{}}],"line":40},"6":{"loc":{"start":{"line":40,"column":12},"end":{"line":40,"column":68}},"type":"binary-expr","locations":[{"start":{"line":40,"column":12},"end":{"line":40,"column":29}},{"start":{"line":40,"column":33},"end":{"line":40,"column":68}}],"line":40}},"s":{"0":0,"1":0,"2":0,"3":0,"4":0,"5":0,"6":0,"7":0,"8":0,"9":0,"10":0,"11":0,"12":0,"13":0,"14":0,"15":0,"16":0,"17":0,"18":0,"19":0,"20":0,"21":0,"22":0,"23":0,"24":0,"25":0,"26":0,"27":0,"28":0,"29":0,"30":0,"31":0},"f":{"0":0,"1":0,"2":0,"3":0,"4":0,"5":0},"b":{"0":[0,0],"1":[0,0],"2":[0,0],"3":[0,0],"4":[0,0],"5":[0,0],"6":[0,0]}}
,"/Users/Vera/work/optimus-prime/optimus-prime/client/src/components/Gallery/gallerySlider.jsx": {"path":"/Users/Vera/work/optimus-prime/optimus-prime/client/src/components/Gallery/gallerySlider.jsx","statementMap":{"0":{"start":{"line":6,"column":28},"end":{"line":6,"column":38}},"1":{"start":{"line":8,"column":8},"end":{"line":10,"column":62}},"2":{"start":{"line":14,"column":37},"end":{"line":14,"column":47}},"3":{"start":{"line":16,"column":8},"end":{"line":19,"column":32}},"4":{"start":{"line":26,"column":39},"end":{"line":26,"column":49}},"5":{"start":{"line":28,"column":4},"end":{"line":35,"column":18}},"6":{"start":{"line":31,"column":24},"end":{"line":32,"column":68}},"7":{"start":{"line":32,"column":39},"end":{"line":32,"column":65}}},"fnMap":{"0":{"name":"(anonymous_0)","decl":{"start":{"line":5,"column":4},"end":{"line":5,"column":5}},"loc":{"start":{"line":5,"column":16},"end":{"line":11,"column":5}},"line":5},"1":{"name":"(anonymous_1)","decl":{"start":{"line":13,"column":4},"end":{"line":13,"column":5}},"loc":{"start":{"line":13,"column":13},"end":{"line":20,"column":5}},"line":13},"2":{"name":"(anonymous_2)","decl":{"start":{"line":25,"column":4},"end":{"line":25,"column":5}},"loc":{"start":{"line":25,"column":13},"end":{"line":36,"column":5}},"line":25},"3":{"name":"(anonymous_3)","decl":{"start":{"line":30,"column":35},"end":{"line":30,"column":36}},"loc":{"start":{"line":31,"column":24},"end":{"line":32,"column":68}},"line":31},"4":{"name":"(anonymous_4)","decl":{"start":{"line":32,"column":33},"end":{"line":32,"column":34}},"loc":{"start":{"line":32,"column":39},"end":{"line":32,"column":65}},"line":32}},"branchMap":{"0":{"loc":{"start":{"line":8,"column":15},"end":{"line":10,"column":62}},"type":"cond-expr","locations":[{"start":{"line":9,"column":12},"end":{"line":9,"column":60}},{"start":{"line":10,"column":12},"end":{"line":10,"column":62}}],"line":8}},"s":{"0":4,"1":4,"2":4,"3":4,"4":1,"5":1,"6":4,"7":0},"f":{"0":4,"1":4,"2":1,"3":4,"4":0},"b":{"0":[1,3]},"_coverageSchema":"1a1c01bbd47fc00a2c39e90264f33305004495a9","hash":"1d380636583a455f1e1e6f34c27f6f20031e594f"}
,"/Users/Vera/work/optimus-prime/optimus-prime/client/src/components/Gallery/leftArrow.jsx": {"path":"/Users/Vera/work/optimus-prime/optimus-prime/client/src/components/Gallery/leftArrow.jsx","statementMap":{"0":{"start":{"line":6,"column":33},"end":{"line":6,"column":43}},"1":{"start":{"line":7,"column":8},"end":{"line":7,"column":44}},"2":{"start":{"line":7,"column":32},"end":{"line":7,"column":43}},"3":{"start":{"line":9,"column":8},"end":{"line":9,"column":106}},"4":{"start":{"line":9,"column":35},"end":{"line":9,"column":69}}},"fnMap":{"0":{"name":"(anonymous_0)","decl":{"start":{"line":5,"column":4},"end":{"line":5,"column":5}},"loc":{"start":{"line":5,"column":13},"end":{"line":10,"column":5}},"line":5},"1":{"name":"(anonymous_1)","decl":{"start":{"line":9,"column":29},"end":{"line":9,"column":30}},"loc":{"start":{"line":9,"column":35},"end":{"line":9,"column":69}},"line":9}},"branchMap":{"0":{"loc":{"start":{"line":7,"column":8},"end":{"line":7,"column":44}},"type":"if","locations":[{"start":{"line":7,"column":8},"end":{"line":7,"column":44}},{"start":{},"end":{}}],"line":7}},"s":{"0":1,"1":1,"2":1,"3":0,"4":0},"f":{"0":1,"1":0},"b":{"0":[1,0]},"_coverageSchema":"1a1c01bbd47fc00a2c39e90264f33305004495a9","hash":"eac837a8bcf5a72ace5196a55f0bc7255c34b6b3"}
,"/Users/Vera/work/optimus-prime/optimus-prime/client/src/components/Gallery/rightArrow.jsx": {"path":"/Users/Vera/work/optimus-prime/optimus-prime/client/src/components/Gallery/rightArrow.jsx","statementMap":{"0":{"start":{"line":6,"column":39},"end":{"line":6,"column":49}},"1":{"start":{"line":7,"column":27},"end":{"line":7,"column":57}},"2":{"start":{"line":9,"column":4},"end":{"line":11,"column":5}},"3":{"start":{"line":10,"column":6},"end":{"line":10,"column":18}},"4":{"start":{"line":13,"column":4},"end":{"line":19,"column":6}},"5":{"start":{"line":16,"column":23},"end":{"line":16,"column":59}}},"fnMap":{"0":{"name":"(anonymous_0)","decl":{"start":{"line":5,"column":2},"end":{"line":5,"column":3}},"loc":{"start":{"line":5,"column":11},"end":{"line":20,"column":3}},"line":5},"1":{"name":"(anonymous_1)","decl":{"start":{"line":16,"column":17},"end":{"line":16,"column":18}},"loc":{"start":{"line":16,"column":23},"end":{"line":16,"column":59}},"line":16}},"branchMap":{"0":{"loc":{"start":{"line":9,"column":4},"end":{"line":11,"column":5}},"type":"if","locations":[{"start":{"line":9,"column":4},"end":{"line":11,"column":5}},{"start":{},"end":{}}],"line":9}},"s":{"0":2,"1":2,"2":2,"3":1,"4":1,"5":0},"f":{"0":2,"1":0},"b":{"0":[1,1]},"_coverageSchema":"1a1c01bbd47fc00a2c39e90264f33305004495a9","hash":"a7df36c882cb5b5648285fbeafb1d479e22ab94d"}
,"/Users/Vera/work/optimus-prime/optimus-prime/client/src/components/ViewModeToggle/ViewModeToggle.jsx": {"path":"/Users/Vera/work/optimus-prime/optimus-prime/client/src/components/ViewModeToggle/ViewModeToggle.jsx","statementMap":{"0":{"start":{"line":9,"column":31},"end":{"line":9,"column":41}},"1":{"start":{"line":10,"column":4},"end":{"line":30,"column":6}},"2":{"start":{"line":16,"column":28},"end":{"line":16,"column":44}},"3":{"start":{"line":24,"column":28},"end":{"line":24,"column":44}}},"fnMap":{"0":{"name":"(anonymous_0)","decl":{"start":{"line":8,"column":2},"end":{"line":8,"column":3}},"loc":{"start":{"line":8,"column":11},"end":{"line":31,"column":3}},"line":8},"1":{"name":"(anonymous_1)","decl":{"start":{"line":16,"column":22},"end":{"line":16,"column":23}},"loc":{"start":{"line":16,"column":28},"end":{"line":16,"column":44}},"line":16},"2":{"name":"(anonymous_2)","decl":{"start":{"line":24,"column":22},"end":{"line":24,"column":23}},"loc":{"start":{"line":24,"column":28},"end":{"line":24,"column":44}},"line":24}},"branchMap":{},"s":{"0":0,"1":0,"2":0,"3":0},"f":{"0":0,"1":0,"2":0},"b":{}}
,"/Users/Vera/work/optimus-prime/optimus-prime/client/src/components/agentCard/agentCard.jsx": {"path":"/Users/Vera/work/optimus-prime/optimus-prime/client/src/components/agentCard/agentCard.jsx","statementMap":{"0":{"start":{"line":8,"column":10},"end":{"line":11,"column":3}},"1":{"start":{"line":14,"column":24},"end":{"line":14,"column":34}},"2":{"start":{"line":16,"column":4},"end":{"line":23,"column":9}},"3":{"start":{"line":17,"column":21},"end":{"line":17,"column":31}},"4":{"start":{"line":18,"column":22},"end":{"line":18,"column":52}},"5":{"start":{"line":20,"column":8},"end":{"line":22,"column":11}},"6":{"start":{"line":27,"column":4},"end":{"line":27,"column":21}},"7":{"start":{"line":28,"column":36},"end":{"line":28,"column":46}},"8":{"start":{"line":30,"column":4},"end":{"line":30,"column":33}},"9":{"start":{"line":32,"column":4},"end":{"line":32,"column":41}},"10":{"start":{"line":34,"column":4},"end":{"line":55,"column":9}},"11":{"start":{"line":41,"column":26},"end":{"line":41,"column":41}},"12":{"start":{"line":43,"column":8},"end":{"line":43,"column":45}},"13":{"start":{"line":45,"column":8},"end":{"line":49,"column":17}},"14":{"start":{"line":46,"column":10},"end":{"line":48,"column":13}},"15":{"start":{"line":52,"column":8},"end":{"line":54,"column":11}},"16":{"start":{"line":59,"column":23},"end":{"line":59,"column":33}},"17":{"start":{"line":61,"column":4},"end":{"line":83,"column":5}},"18":{"start":{"line":63,"column":8},"end":{"line":69,"column":10}},"19":{"start":{"line":71,"column":8},"end":{"line":71,"column":27}},"20":{"start":{"line":73,"column":8},"end":{"line":73,"column":72}},"21":{"start":{"line":73,"column":48},"end":{"line":73,"column":67}},"22":{"start":{"line":75,"column":8},"end":{"line":80,"column":10}},"23":{"start":{"line":77,"column":45},"end":{"line":77,"column":64}},"24":{"start":{"line":82,"column":8},"end":{"line":82,"column":14}},"25":{"start":{"line":87,"column":33},"end":{"line":87,"column":43}},"26":{"start":{"line":89,"column":4},"end":{"line":91,"column":5}},"27":{"start":{"line":90,"column":6},"end":{"line":90,"column":26}},"28":{"start":{"line":93,"column":4},"end":{"line":95,"column":5}},"29":{"start":{"line":94,"column":6},"end":{"line":94,"column":18}},"30":{"start":{"line":97,"column":38},"end":{"line":97,"column":43}},"31":{"start":{"line":99,"column":4},"end":{"line":115,"column":6}}},"fnMap":{"0":{"name":"(anonymous_0)","decl":{"start":{"line":13,"column":2},"end":{"line":13,"column":3}},"loc":{"start":{"line":13,"column":22},"end":{"line":24,"column":3}},"line":13},"1":{"name":"(anonymous_1)","decl":{"start":{"line":17,"column":12},"end":{"line":17,"column":13}},"loc":{"start":{"line":17,"column":21},"end":{"line":17,"column":31}},"line":17},"2":{"name":"(anonymous_2)","decl":{"start":{"line":18,"column":12},"end":{"line":18,"column":13}},"loc":{"start":{"line":18,"column":22},"end":{"line":18,"column":52}},"line":18},"3":{"name":"(anonymous_3)","decl":{"start":{"line":19,"column":15},"end":{"line":19,"column":16}},"loc":{"start":{"line":19,"column":21},"end":{"line":23,"column":7}},"line":19},"4":{"name":"(anonymous_4)","decl":{"start":{"line":26,"column":2},"end":{"line":26,"column":3}},"loc":{"start":{"line":26,"column":23},"end":{"line":56,"column":3}},"line":26},"5":{"name":"(anonymous_5)","decl":{"start":{"line":41,"column":12},"end":{"line":41,"column":13}},"loc":{"start":{"line":41,"column":26},"end":{"line":41,"column":41}},"line":41},"6":{"name":"(anonymous_6)","decl":{"start":{"line":42,"column":12},"end":{"line":42,"column":13}},"loc":{"start":{"line":42,"column":18},"end":{"line":50,"column":7}},"line":42},"7":{"name":"(anonymous_7)","decl":{"start":{"line":45,"column":19},"end":{"line":45,"column":20}},"loc":{"start":{"line":45,"column":25},"end":{"line":49,"column":9}},"line":45},"8":{"name":"(anonymous_8)","decl":{"start":{"line":51,"column":13},"end":{"line":51,"column":14}},"loc":{"start":{"line":51,"column":22},"end":{"line":55,"column":7}},"line":51},"9":{"name":"(anonymous_9)","decl":{"start":{"line":58,"column":2},"end":{"line":58,"column":3}},"loc":{"start":{"line":58,"column":15},"end":{"line":84,"column":3}},"line":58},"10":{"name":"(anonymous_10)","decl":{"start":{"line":73,"column":38},"end":{"line":73,"column":39}},"loc":{"start":{"line":73,"column":48},"end":{"line":73,"column":67}},"line":73},"11":{"name":"(anonymous_11)","decl":{"start":{"line":77,"column":35},"end":{"line":77,"column":36}},"loc":{"start":{"line":77,"column":45},"end":{"line":77,"column":64}},"line":77},"12":{"name":"(anonymous_12)","decl":{"start":{"line":86,"column":2},"end":{"line":86,"column":3}},"loc":{"start":{"line":86,"column":11},"end":{"line":116,"column":3}},"line":86}},"branchMap":{"0":{"loc":{"start":{"line":61,"column":4},"end":{"line":83,"column":5}},"type":"switch","locations":[{"start":{"line":62,"column":6},"end":{"line":69,"column":10}},{"start":{"line":70,"column":6},"end":{"line":71,"column":27}},{"start":{"line":72,"column":6},"end":{"line":73,"column":72}},{"start":{"line":74,"column":6},"end":{"line":80,"column":10}},{"start":{"line":81,"column":6},"end":{"line":82,"column":14}}],"line":61},"1":{"loc":{"start":{"line":89,"column":4},"end":{"line":91,"column":5}},"type":"if","locations":[{"start":{"line":89,"column":4},"end":{"line":91,"column":5}},{"start":{},"end":{}}],"line":89},"2":{"loc":{"start":{"line":93,"column":4},"end":{"line":95,"column":5}},"type":"if","locations":[{"start":{"line":93,"column":4},"end":{"line":95,"column":5}},{"start":{},"end":{}}],"line":93}},"s":{"0":0,"1":0,"2":0,"3":0,"4":0,"5":0,"6":0,"7":0,"8":0,"9":0,"10":0,"11":0,"12":0,"13":0,"14":0,"15":0,"16":0,"17":0,"18":0,"19":0,"20":0,"21":0,"22":0,"23":0,"24":0,"25":0,"26":0,"27":0,"28":0,"29":0,"30":0,"31":0},"f":{"0":0,"1":0,"2":0,"3":0,"4":0,"5":0,"6":0,"7":0,"8":0,"9":0,"10":0,"11":0,"12":0},"b":{"0":[0,0,0,0,0],"1":[0,0],"2":[0,0]}}
,"/Users/Vera/work/optimus-prime/optimus-prime/client/src/components/amenitylist/amenitylist.jsx": {"path":"/Users/Vera/work/optimus-prime/optimus-prime/client/src/components/amenitylist/amenitylist.jsx","statementMap":{"0":{"start":{"line":8,"column":10},"end":{"line":37,"column":3}},"1":{"start":{"line":40,"column":26},"end":{"line":40,"column":36}},"2":{"start":{"line":41,"column":6},"end":{"line":50,"column":6}},"3":{"start":{"line":42,"column":8},"end":{"line":49,"column":8}},"4":{"start":{"line":43,"column":10},"end":{"line":49,"column":7}},"5":{"start":{"line":43,"column":38},"end":{"line":48,"column":9}},"6":{"start":{"line":54,"column":22},"end":{"line":54,"column":75}},"7":{"start":{"line":56,"column":4},"end":{"line":65,"column":6}},"8":{"start":{"line":61,"column":12},"end":{"line":61,"column":60}}},"fnMap":{"0":{"name":"(anonymous_0)","decl":{"start":{"line":39,"column":2},"end":{"line":39,"column":3}},"loc":{"start":{"line":39,"column":21},"end":{"line":51,"column":3}},"line":39},"1":{"name":"(anonymous_1)","decl":{"start":{"line":41,"column":24},"end":{"line":41,"column":25}},"loc":{"start":{"line":41,"column":35},"end":{"line":50,"column":5}},"line":41},"2":{"name":"(anonymous_2)","decl":{"start":{"line":43,"column":24},"end":{"line":43,"column":25}},"loc":{"start":{"line":43,"column":38},"end":{"line":48,"column":9}},"line":43},"3":{"name":"(anonymous_3)","decl":{"start":{"line":53,"column":2},"end":{"line":53,"column":3}},"loc":{"start":{"line":53,"column":11},"end":{"line":66,"column":3}},"line":53},"4":{"name":"(anonymous_4)","decl":{"start":{"line":60,"column":25},"end":{"line":60,"column":26}},"loc":{"start":{"line":61,"column":12},"end":{"line":61,"column":60}},"line":61}},"branchMap":{"0":{"loc":{"start":{"line":42,"column":8},"end":{"line":49,"column":8}},"type":"if","locations":[{"start":{"line":42,"column":8},"end":{"line":49,"column":8}},{"start":{},"end":{}}],"line":42}},"s":{"0":0,"1":0,"2":0,"3":0,"4":0,"5":0,"6":0,"7":0,"8":0},"f":{"0":0,"1":0,"2":0,"3":0,"4":0},"b":{"0":[0,0]}}
,"/Users/Vera/work/optimus-prime/optimus-prime/client/src/components/amenitylistitem/amenitylistitem.jsx": {"path":"/Users/Vera/work/optimus-prime/optimus-prime/client/src/components/amenitylistitem/amenitylistitem.jsx","statementMap":{"0":{"start":{"line":6,"column":35},"end":{"line":6,"column":50}},"1":{"start":{"line":7,"column":19},"end":{"line":7,"column":42}},"2":{"start":{"line":9,"column":4},"end":{"line":14,"column":6}}},"fnMap":{"0":{"name":"(anonymous_0)","decl":{"start":{"line":5,"column":2},"end":{"line":5,"column":3}},"loc":{"start":{"line":5,"column":11},"end":{"line":15,"column":3}},"line":5}},"branchMap":{"0":{"loc":{"start":{"line":7,"column":19},"end":{"line":7,"column":42}},"type":"cond-expr","locations":[{"start":{"line":7,"column":33},"end":{"line":7,"column":36}},{"start":{"line":7,"column":39},"end":{"line":7,"column":42}}],"line":7}},"s":{"0":0,"1":0,"2":0},"f":{"0":0},"b":{"0":[0,0]}}
,"/Users/Vera/work/optimus-prime/optimus-prime/client/src/components/button/button.jsx": {"path":"/Users/Vera/work/optimus-prime/optimus-prime/client/src/components/button/button.jsx","statementMap":{"0":{"start":{"line":6,"column":19},"end":{"line":6,"column":29}},"1":{"start":{"line":7,"column":4},"end":{"line":14,"column":5}},"2":{"start":{"line":9,"column":8},"end":{"line":9,"column":33}},"3":{"start":{"line":11,"column":8},"end":{"line":11,"column":33}},"4":{"start":{"line":13,"column":8},"end":{"line":13,"column":14}},"5":{"start":{"line":18,"column":23},"end":{"line":18,"column":33}},"6":{"start":{"line":19,"column":4},"end":{"line":30,"column":5}},"7":{"start":{"line":21,"column":8},"end":{"line":21,"column":40}},"8":{"start":{"line":23,"column":8},"end":{"line":23,"column":41}},"9":{"start":{"line":25,"column":8},"end":{"line":25,"column":40}},"10":{"start":{"line":27,"column":8},"end":{"line":27,"column":40}},"11":{"start":{"line":29,"column":8},"end":{"line":29,"column":14}},"12":{"start":{"line":34,"column":31},"end":{"line":34,"column":41}},"13":{"start":{"line":35,"column":4},"end":{"line":35,"column":63}},"14":{"start":{"line":39,"column":49},"end":{"line":39,"column":59}},"15":{"start":{"line":40,"column":4},"end":{"line":50,"column":6}}},"fnMap":{"0":{"name":"(anonymous_0)","decl":{"start":{"line":5,"column":2},"end":{"line":5,"column":3}},"loc":{"start":{"line":5,"column":12},"end":{"line":15,"column":3}},"line":5},"1":{"name":"(anonymous_1)","decl":{"start":{"line":17,"column":2},"end":{"line":17,"column":3}},"loc":{"start":{"line":17,"column":14},"end":{"line":31,"column":3}},"line":17},"2":{"name":"(anonymous_2)","decl":{"start":{"line":33,"column":2},"end":{"line":33,"column":3}},"loc":{"start":{"line":33,"column":14},"end":{"line":36,"column":3}},"line":33},"3":{"name":"(anonymous_3)","decl":{"start":{"line":38,"column":2},"end":{"line":38,"column":3}},"loc":{"start":{"line":38,"column":11},"end":{"line":51,"column":3}},"line":38}},"branchMap":{"0":{"loc":{"start":{"line":7,"column":4},"end":{"line":14,"column":5}},"type":"switch","locations":[{"start":{"line":8,"column":6},"end":{"line":9,"column":33}},{"start":{"line":10,"column":6},"end":{"line":11,"column":33}},{"start":{"line":12,"column":6},"end":{"line":13,"column":14}}],"line":7},"1":{"loc":{"start":{"line":19,"column":4},"end":{"line":30,"column":5}},"type":"switch","locations":[{"start":{"line":20,"column":6},"end":{"line":21,"column":40}},{"start":{"line":22,"column":6},"end":{"line":23,"column":41}},{"start":{"line":24,"column":6},"end":{"line":25,"column":40}},{"start":{"line":26,"column":6},"end":{"line":27,"column":40}},{"start":{"line":28,"column":6},"end":{"line":29,"column":14}}],"line":19}},"s":{"0":0,"1":0,"2":0,"3":0,"4":0,"5":0,"6":0,"7":0,"8":0,"9":0,"10":0,"11":0,"12":0,"13":0,"14":0,"15":0},"f":{"0":0,"1":0,"2":0,"3":0},"b":{"0":[0,0,0],"1":[0,0,0,0,0]}}
,"/Users/Vera/work/optimus-prime/optimus-prime/client/src/components/contactForm/contactForm.jsx": {"path":"/Users/Vera/work/optimus-prime/optimus-prime/client/src/components/contactForm/contactForm.jsx","statementMap":{"0":{"start":{"line":12,"column":10},"end":{"line":17,"column":3}},"1":{"start":{"line":19,"column":15},"end":{"line":30,"column":3}},"2":{"start":{"line":33,"column":28},"end":{"line":33,"column":54}},"3":{"start":{"line":37,"column":4},"end":{"line":45,"column":5}},"4":{"start":{"line":38,"column":6},"end":{"line":38,"column":39}},"5":{"start":{"line":39,"column":11},"end":{"line":45,"column":5}},"6":{"start":{"line":40,"column":21},"end":{"line":40,"column":59}},"7":{"start":{"line":42,"column":6},"end":{"line":44,"column":7}},"8":{"start":{"line":43,"column":8},"end":{"line":43,"column":53}},"9":{"start":{"line":47,"column":4},"end":{"line":47,"column":17}},"10":{"start":{"line":51,"column":19},"end":{"line":51,"column":47}},"11":{"start":{"line":52,"column":23},"end":{"line":52,"column":33}},"12":{"start":{"line":53,"column":22},"end":{"line":53,"column":26}},"13":{"start":{"line":55,"column":4},"end":{"line":65,"column":7}},"14":{"start":{"line":56,"column":20},"end":{"line":56,"column":41}},"15":{"start":{"line":57,"column":20},"end":{"line":57,"column":56}},"16":{"start":{"line":59,"column":6},"end":{"line":64,"column":7}},"17":{"start":{"line":60,"column":8},"end":{"line":60,"column":34}},"18":{"start":{"line":61,"column":8},"end":{"line":61,"column":28}},"19":{"start":{"line":63,"column":8},"end":{"line":63,"column":33}},"20":{"start":{"line":67,"column":4},"end":{"line":67,"column":30}},"21":{"start":{"line":68,"column":4},"end":{"line":68,"column":23}},"22":{"start":{"line":71,"column":20},"end":{"line":83,"column":3}},"23":{"start":{"line":72,"column":23},"end":{"line":72,"column":33}},"24":{"start":{"line":73,"column":4},"end":{"line":73,"column":42}},"25":{"start":{"line":74,"column":18},"end":{"line":74,"column":54}},"26":{"start":{"line":76,"column":4},"end":{"line":80,"column":5}},"27":{"start":{"line":77,"column":6},"end":{"line":77,"column":32}},"28":{"start":{"line":79,"column":6},"end":{"line":79,"column":31}},"29":{"start":{"line":82,"column":4},"end":{"line":82,"column":30}},"30":{"start":{"line":86,"column":4},"end":{"line":86,"column":56}},"31":{"start":{"line":90,"column":24},"end":{"line":90,"column":39}},"32":{"start":{"line":91,"column":37},"end":{"line":91,"column":47}},"33":{"start":{"line":92,"column":25},"end":{"line":92,"column":35}},"34":{"start":{"line":93,"column":4},"end":{"line":93,"column":42}},"35":{"start":{"line":95,"column":4},"end":{"line":97,"column":5}},"36":{"start":{"line":96,"column":6},"end":{"line":96,"column":41}},"37":{"start":{"line":101,"column":45},"end":{"line":101,"column":55}},"38":{"start":{"line":103,"column":4},"end":{"line":160,"column":6}},"39":{"start":{"line":144,"column":35},"end":{"line":144,"column":60}},"40":{"start":{"line":152,"column":37},"end":{"line":152,"column":61}}},"fnMap":{"0":{"name":"(anonymous_0)","decl":{"start":{"line":32,"column":2},"end":{"line":32,"column":3}},"loc":{"start":{"line":32,"column":34},"end":{"line":48,"column":3}},"line":32},"1":{"name":"(anonymous_1)","decl":{"start":{"line":50,"column":2},"end":{"line":50,"column":3}},"loc":{"start":{"line":50,"column":13},"end":{"line":69,"column":3}},"line":50},"2":{"name":"(anonymous_2)","decl":{"start":{"line":55,"column":19},"end":{"line":55,"column":20}},"loc":{"start":{"line":55,"column":34},"end":{"line":65,"column":5}},"line":55},"3":{"name":"(anonymous_3)","decl":{"start":{"line":71,"column":20},"end":{"line":71,"column":21}},"loc":{"start":{"line":71,"column":42},"end":{"line":83,"column":3}},"line":71},"4":{"name":"(anonymous_4)","decl":{"start":{"line":85,"column":2},"end":{"line":85,"column":3}},"loc":{"start":{"line":85,"column":23},"end":{"line":87,"column":3}},"line":85},"5":{"name":"(anonymous_5)","decl":{"start":{"line":89,"column":2},"end":{"line":89,"column":3}},"loc":{"start":{"line":89,"column":17},"end":{"line":98,"column":3}},"line":89},"6":{"name":"(anonymous_6)","decl":{"start":{"line":100,"column":2},"end":{"line":100,"column":3}},"loc":{"start":{"line":100,"column":11},"end":{"line":161,"column":3}},"line":100},"7":{"name":"(anonymous_7)","decl":{"start":{"line":144,"column":24},"end":{"line":144,"column":25}},"loc":{"start":{"line":144,"column":35},"end":{"line":144,"column":60}},"line":144},"8":{"name":"(anonymous_8)","decl":{"start":{"line":152,"column":26},"end":{"line":152,"column":27}},"loc":{"start":{"line":152,"column":37},"end":{"line":152,"column":61}},"line":152}},"branchMap":{"0":{"loc":{"start":{"line":37,"column":4},"end":{"line":45,"column":5}},"type":"if","locations":[{"start":{"line":37,"column":4},"end":{"line":45,"column":5}},{"start":{"line":39,"column":11},"end":{"line":45,"column":5}}],"line":37},"1":{"loc":{"start":{"line":37,"column":8},"end":{"line":37,"column":44}},"type":"binary-expr","locations":[{"start":{"line":37,"column":8},"end":{"line":37,"column":34}},{"start":{"line":37,"column":38},"end":{"line":37,"column":44}}],"line":37},"2":{"loc":{"start":{"line":39,"column":11},"end":{"line":45,"column":5}},"type":"if","locations":[{"start":{"line":39,"column":11},"end":{"line":45,"column":5}},{"start":{},"end":{}}],"line":39},"3":{"loc":{"start":{"line":42,"column":6},"end":{"line":44,"column":7}},"type":"if","locations":[{"start":{"line":42,"column":6},"end":{"line":44,"column":7}},{"start":{},"end":{}}],"line":42},"4":{"loc":{"start":{"line":59,"column":6},"end":{"line":64,"column":7}},"type":"if","locations":[{"start":{"line":59,"column":6},"end":{"line":64,"column":7}},{"start":{"line":62,"column":13},"end":{"line":64,"column":7}}],"line":59},"5":{"loc":{"start":{"line":76,"column":4},"end":{"line":80,"column":5}},"type":"if","locations":[{"start":{"line":76,"column":4},"end":{"line":80,"column":5}},{"start":{"line":78,"column":11},"end":{"line":80,"column":5}}],"line":76},"6":{"loc":{"start":{"line":95,"column":4},"end":{"line":97,"column":5}},"type":"if","locations":[{"start":{"line":95,"column":4},"end":{"line":97,"column":5}},{"start":{},"end":{}}],"line":95},"7":{"loc":{"start":{"line":95,"column":8},"end":{"line":95,"column":31}},"type":"binary-expr","locations":[{"start":{"line":95,"column":8},"end":{"line":95,"column":19}},{"start":{"line":95,"column":23},"end":{"line":95,"column":31}}],"line":95}},"s":{"0":0,"1":0,"2":0,"3":0,"4":0,"5":0,"6":0,"7":0,"8":0,"9":0,"10":0,"11":0,"12":0,"13":0,"14":0,"15":0,"16":0,"17":0,"18":0,"19":0,"20":0,"21":0,"22":0,"23":0,"24":0,"25":0,"26":0,"27":0,"28":0,"29":0,"30":0,"31":0,"32":0,"33":0,"34":0,"35":0,"36":0,"37":0,"38":0,"39":0,"40":0},"f":{"0":0,"1":0,"2":0,"3":0,"4":0,"5":0,"6":0,"7":0,"8":0},"b":{"0":[0,0],"1":[0,0],"2":[0,0],"3":[0,0],"4":[0,0],"5":[0,0],"6":[0,0],"7":[0,0]}}
,"/Users/Vera/work/optimus-prime/optimus-prime/client/src/components/contactInfo/contactInfo.jsx": {"path":"/Users/Vera/work/optimus-prime/optimus-prime/client/src/components/contactInfo/contactInfo.jsx","statementMap":{"0":{"start":{"line":8,"column":19},"end":{"line":24,"column":3}},"1":{"start":{"line":9,"column":4},"end":{"line":23,"column":5}},"2":{"start":{"line":11,"column":8},"end":{"line":11,"column":29}},"3":{"start":{"line":13,"column":8},"end":{"line":13,"column":32}},"4":{"start":{"line":15,"column":28},"end":{"line":15,"column":46}},"5":{"start":{"line":16,"column":22},"end":{"line":16,"column":33}},"6":{"start":{"line":17,"column":23},"end":{"line":19,"column":34}},"7":{"start":{"line":20,"column":8},"end":{"line":20,"column":61}},"8":{"start":{"line":22,"column":8},"end":{"line":22,"column":14}},"9":{"start":{"line":25,"column":16},"end":{"line":36,"column":3}},"10":{"start":{"line":26,"column":4},"end":{"line":35,"column":5}},"11":{"start":{"line":28,"column":8},"end":{"line":28,"column":46}},"12":{"start":{"line":30,"column":8},"end":{"line":30,"column":46}},"13":{"start":{"line":32,"column":8},"end":{"line":32,"column":48}},"14":{"start":{"line":34,"column":8},"end":{"line":34,"column":14}},"15":{"start":{"line":39,"column":50},"end":{"line":39,"column":60}},"16":{"start":{"line":40,"column":4},"end":{"line":54,"column":6}}},"fnMap":{"0":{"name":"(anonymous_0)","decl":{"start":{"line":8,"column":19},"end":{"line":8,"column":20}},"loc":{"start":{"line":8,"column":35},"end":{"line":24,"column":3}},"line":8},"1":{"name":"(anonymous_1)","decl":{"start":{"line":25,"column":16},"end":{"line":25,"column":17}},"loc":{"start":{"line":25,"column":26},"end":{"line":36,"column":3}},"line":25},"2":{"name":"(anonymous_2)","decl":{"start":{"line":38,"column":2},"end":{"line":38,"column":3}},"loc":{"start":{"line":38,"column":11},"end":{"line":55,"column":3}},"line":38}},"branchMap":{"0":{"loc":{"start":{"line":9,"column":4},"end":{"line":23,"column":5}},"type":"switch","locations":[{"start":{"line":10,"column":6},"end":{"line":11,"column":29}},{"start":{"line":12,"column":6},"end":{"line":13,"column":32}},{"start":{"line":14,"column":6},"end":{"line":20,"column":61}},{"start":{"line":21,"column":6},"end":{"line":22,"column":14}}],"line":9},"1":{"loc":{"start":{"line":26,"column":4},"end":{"line":35,"column":5}},"type":"switch","locations":[{"start":{"line":27,"column":6},"end":{"line":28,"column":46}},{"start":{"line":29,"column":6},"end":{"line":30,"column":46}},{"start":{"line":31,"column":6},"end":{"line":32,"column":48}},{"start":{"line":33,"column":6},"end":{"line":34,"column":14}}],"line":26},"2":{"loc":{"start":{"line":48,"column":44},"end":{"line":48,"column":66}},"type":"cond-expr","locations":[{"start":{"line":48,"column":53},"end":{"line":48,"column":61}},{"start":{"line":48,"column":64},"end":{"line":48,"column":66}}],"line":48}},"s":{"0":0,"1":0,"2":0,"3":0,"4":0,"5":0,"6":0,"7":0,"8":0,"9":0,"10":0,"11":0,"12":0,"13":0,"14":0,"15":0,"16":0},"f":{"0":0,"1":0,"2":0},"b":{"0":[0,0,0,0],"1":[0,0,0,0],"2":[0,0]}}
,"/Users/Vera/work/optimus-prime/optimus-prime/client/src/components/description/description.jsx": {"path":"/Users/Vera/work/optimus-prime/optimus-prime/client/src/components/description/description.jsx","statementMap":{"0":{"start":{"line":6,"column":25},"end":{"line":6,"column":35}},"1":{"start":{"line":8,"column":4},"end":{"line":12,"column":6}}},"fnMap":{"0":{"name":"(anonymous_0)","decl":{"start":{"line":5,"column":2},"end":{"line":5,"column":3}},"loc":{"start":{"line":5,"column":11},"end":{"line":13,"column":3}},"line":5}},"branchMap":{},"s":{"0":0,"1":0},"f":{"0":0},"b":{}}
,"/Users/Vera/work/optimus-prime/optimus-prime/client/src/components/dropDown/DropDown.jsx": {"path":"/Users/Vera/work/optimus-prime/optimus-prime/client/src/components/dropDown/DropDown.jsx","statementMap":{"0":{"start":{"line":6,"column":10},"end":{"line":8,"column":3}},"1":{"start":{"line":11,"column":25},"end":{"line":54,"column":5}},"2":{"start":{"line":12,"column":36},"end":{"line":16,"column":7}},"3":{"start":{"line":18,"column":40},"end":{"line":22,"column":7}},"4":{"start":{"line":24,"column":41},"end":{"line":28,"column":7}},"5":{"start":{"line":30,"column":34},"end":{"line":33,"column":7}},"6":{"start":{"line":35,"column":30},"end":{"line":41,"column":7}},"7":{"start":{"line":43,"column":37},"end":{"line":49,"column":7}},"8":{"start":{"line":52,"column":8},"end":{"line":52,"column":31}},"9":{"start":{"line":56,"column":21},"end":{"line":62,"column":5}},"10":{"start":{"line":57,"column":6},"end":{"line":61,"column":13}},"11":{"start":{"line":59,"column":26},"end":{"line":59,"column":71}},"12":{"start":{"line":64,"column":24},"end":{"line":72,"column":5}},"13":{"start":{"line":65,"column":6},"end":{"line":71,"column":7}},"14":{"start":{"line":66,"column":8},"end":{"line":66,"column":47}},"15":{"start":{"line":67,"column":8},"end":{"line":67,"column":40}},"16":{"start":{"line":69,"column":8},"end":{"line":69,"column":59}},"17":{"start":{"line":70,"column":8},"end":{"line":70,"column":50}},"18":{"start":{"line":74,"column":43},"end":{"line":74,"column":53}},"19":{"start":{"line":76,"column":4},"end":{"line":89,"column":6}}},"fnMap":{"0":{"name":"(anonymous_0)","decl":{"start":{"line":10,"column":2},"end":{"line":10,"column":3}},"loc":{"start":{"line":10,"column":11},"end":{"line":90,"column":3}},"line":10},"1":{"name":"(anonymous_1)","decl":{"start":{"line":12,"column":14},"end":{"line":12,"column":15}},"loc":{"start":{"line":12,"column":36},"end":{"line":16,"column":7}},"line":12},"2":{"name":"(anonymous_2)","decl":{"start":{"line":18,"column":25},"end":{"line":18,"column":26}},"loc":{"start":{"line":18,"column":40},"end":{"line":22,"column":7}},"line":18},"3":{"name":"(anonymous_3)","decl":{"start":{"line":24,"column":26},"end":{"line":24,"column":27}},"loc":{"start":{"line":24,"column":41},"end":{"line":28,"column":7}},"line":24},"4":{"name":"(anonymous_4)","decl":{"start":{"line":30,"column":19},"end":{"line":30,"column":20}},"loc":{"start":{"line":30,"column":34},"end":{"line":33,"column":7}},"line":30},"5":{"name":"(anonymous_5)","decl":{"start":{"line":35,"column":15},"end":{"line":35,"column":16}},"loc":{"start":{"line":35,"column":30},"end":{"line":41,"column":7}},"line":35},"6":{"name":"(anonymous_6)","decl":{"start":{"line":43,"column":22},"end":{"line":43,"column":23}},"loc":{"start":{"line":43,"column":37},"end":{"line":49,"column":7}},"line":43},"7":{"name":"(anonymous_7)","decl":{"start":{"line":51,"column":19},"end":{"line":51,"column":20}},"loc":{"start":{"line":51,"column":40},"end":{"line":53,"column":7}},"line":51},"8":{"name":"(anonymous_8)","decl":{"start":{"line":56,"column":21},"end":{"line":56,"column":22}},"loc":{"start":{"line":56,"column":27},"end":{"line":62,"column":5}},"line":56},"9":{"name":"(anonymous_9)","decl":{"start":{"line":59,"column":12},"end":{"line":59,"column":13}},"loc":{"start":{"line":59,"column":26},"end":{"line":59,"column":71}},"line":59},"10":{"name":"(anonymous_10)","decl":{"start":{"line":64,"column":24},"end":{"line":64,"column":25}},"loc":{"start":{"line":64,"column":41},"end":{"line":72,"column":5}},"line":64}},"branchMap":{"0":{"loc":{"start":{"line":14,"column":15},"end":{"line":14,"column":53}},"type":"cond-expr","locations":[{"start":{"line":14,"column":34},"end":{"line":14,"column":41}},{"start":{"line":14,"column":44},"end":{"line":14,"column":53}}],"line":14},"1":{"loc":{"start":{"line":57,"column":13},"end":{"line":61,"column":12}},"type":"cond-expr","locations":[{"start":{"line":58,"column":10},"end":{"line":60,"column":11}},{"start":{"line":61,"column":10},"end":{"line":61,"column":12}}],"line":57},"2":{"loc":{"start":{"line":65,"column":6},"end":{"line":71,"column":7}},"type":"if","locations":[{"start":{"line":65,"column":6},"end":{"line":71,"column":7}},{"start":{"line":68,"column":13},"end":{"line":71,"column":7}}],"line":65}},"s":{"0":0,"1":0,"2":0,"3":0,"4":0,"5":0,"6":0,"7":0,"8":0,"9":0,"10":0,"11":0,"12":0,"13":0,"14":0,"15":0,"16":0,"17":0,"18":0,"19":0},"f":{"0":0,"1":0,"2":0,"3":0,"4":0,"5":0,"6":0,"7":0,"8":0,"9":0,"10":0},"b":{"0":[0,0],"1":[0,0],"2":[0,0]}}
,"/Users/Vera/work/optimus-prime/optimus-prime/client/src/components/errorMessage/errorMessage.jsx": {"path":"/Users/Vera/work/optimus-prime/optimus-prime/client/src/components/errorMessage/errorMessage.jsx","statementMap":{"0":{"start":{"line":7,"column":10},"end":{"line":9,"column":3}},"1":{"start":{"line":12,"column":4},"end":{"line":12,"column":17}},"2":{"start":{"line":13,"column":4},"end":{"line":13,"column":59}},"3":{"start":{"line":17,"column":4},"end":{"line":17,"column":40}},"4":{"start":{"line":21,"column":26},"end":{"line":21,"column":36}},"5":{"start":{"line":23,"column":4},"end":{"line":23,"column":32}},"6":{"start":{"line":23,"column":20},"end":{"line":23,"column":32}},"7":{"start":{"line":25,"column":4},"end":{"line":35,"column":6}},"8":{"start":{"line":29,"column":45},"end":{"line":29,"column":59}}},"fnMap":{"0":{"name":"(anonymous_0)","decl":{"start":{"line":11,"column":2},"end":{"line":11,"column":3}},"loc":{"start":{"line":11,"column":21},"end":{"line":14,"column":3}},"line":11},"1":{"name":"(anonymous_1)","decl":{"start":{"line":16,"column":2},"end":{"line":16,"column":3}},"loc":{"start":{"line":16,"column":12},"end":{"line":18,"column":3}},"line":16},"2":{"name":"(anonymous_2)","decl":{"start":{"line":20,"column":2},"end":{"line":20,"column":3}},"loc":{"start":{"line":20,"column":11},"end":{"line":36,"column":3}},"line":20},"3":{"name":"(anonymous_3)","decl":{"start":{"line":29,"column":39},"end":{"line":29,"column":40}},"loc":{"start":{"line":29,"column":45},"end":{"line":29,"column":59}},"line":29}},"branchMap":{"0":{"loc":{"start":{"line":23,"column":4},"end":{"line":23,"column":32}},"type":"if","locations":[{"start":{"line":23,"column":4},"end":{"line":23,"column":32}},{"start":{},"end":{}}],"line":23}},"s":{"0":0,"1":0,"2":0,"3":0,"4":0,"5":0,"6":0,"7":0,"8":0},"f":{"0":0,"1":0,"2":0,"3":0},"b":{"0":[0,0]}}
,"/Users/Vera/work/optimus-prime/optimus-prime/client/src/components/features/features.jsx": {"path":"/Users/Vera/work/optimus-prime/optimus-prime/client/src/components/features/features.jsx","statementMap":{"0":{"start":{"line":8,"column":25},"end":{"line":8,"column":35}},"1":{"start":{"line":10,"column":4},"end":{"line":19,"column":6}},"2":{"start":{"line":15,"column":12},"end":{"line":15,"column":65}}},"fnMap":{"0":{"name":"(anonymous_0)","decl":{"start":{"line":7,"column":2},"end":{"line":7,"column":3}},"loc":{"start":{"line":7,"column":11},"end":{"line":20,"column":3}},"line":7},"1":{"name":"(anonymous_1)","decl":{"start":{"line":14,"column":37},"end":{"line":14,"column":38}},"loc":{"start":{"line":15,"column":12},"end":{"line":15,"column":65}},"line":15}},"branchMap":{},"s":{"0":0,"1":0,"2":0},"f":{"0":0,"1":0},"b":{}}
,"/Users/Vera/work/optimus-prime/optimus-prime/client/src/components/features/__feature/__feature.jsx": {"path":"/Users/Vera/work/optimus-prime/optimus-prime/client/src/components/features/__feature/__feature.jsx","statementMap":{"0":{"start":{"line":9,"column":4},"end":{"line":18,"column":5}},"1":{"start":{"line":11,"column":8},"end":{"line":11,"column":42}},"2":{"start":{"line":13,"column":8},"end":{"line":13,"column":44}},"3":{"start":{"line":15,"column":8},"end":{"line":15,"column":48}},"4":{"start":{"line":17,"column":8},"end":{"line":17,"column":20}},"5":{"start":{"line":22,"column":27},"end":{"line":22,"column":37}},"6":{"start":{"line":23,"column":4},"end":{"line":28,"column":6}}},"fnMap":{"0":{"name":"(anonymous_0)","decl":{"start":{"line":8,"column":2},"end":{"line":8,"column":3}},"loc":{"start":{"line":8,"column":19},"end":{"line":19,"column":3}},"line":8},"1":{"name":"(anonymous_1)","decl":{"start":{"line":21,"column":2},"end":{"line":21,"column":3}},"loc":{"start":{"line":21,"column":11},"end":{"line":29,"column":3}},"line":21}},"branchMap":{"0":{"loc":{"start":{"line":9,"column":4},"end":{"line":18,"column":5}},"type":"switch","locations":[{"start":{"line":10,"column":6},"end":{"line":11,"column":42}},{"start":{"line":12,"column":6},"end":{"line":13,"column":44}},{"start":{"line":14,"column":6},"end":{"line":15,"column":48}},{"start":{"line":16,"column":6},"end":{"line":17,"column":20}}],"line":9}},"s":{"0":0,"1":0,"2":0,"3":0,"4":0,"5":0,"6":0},"f":{"0":0,"1":0},"b":{"0":[0,0,0,0]}}
,"/Users/Vera/work/optimus-prime/optimus-prime/client/src/components/floorPlans/floorPlans.jsx": {"path":"/Users/Vera/work/optimus-prime/optimus-prime/client/src/components/floorPlans/floorPlans.jsx","statementMap":{"0":{"start":{"line":6,"column":10},"end":{"line":8,"column":3}},"1":{"start":{"line":11,"column":4},"end":{"line":11,"column":50}},"2":{"start":{"line":15,"column":22},"end":{"line":15,"column":32}},"3":{"start":{"line":16,"column":29},"end":{"line":16,"column":39}},"4":{"start":{"line":17,"column":4},"end":{"line":17,"column":40}},"5":{"start":{"line":17,"column":28},"end":{"line":17,"column":40}},"6":{"start":{"line":18,"column":4},"end":{"line":46,"column":6}},"7":{"start":{"line":25,"column":16},"end":{"line":35,"column":18}},"8":{"start":{"line":31,"column":35},"end":{"line":31,"column":57}}},"fnMap":{"0":{"name":"(anonymous_0)","decl":{"start":{"line":10,"column":2},"end":{"line":10,"column":3}},"loc":{"start":{"line":10,"column":28},"end":{"line":12,"column":3}},"line":10},"1":{"name":"(anonymous_1)","decl":{"start":{"line":14,"column":2},"end":{"line":14,"column":3}},"loc":{"start":{"line":14,"column":11},"end":{"line":47,"column":3}},"line":14},"2":{"name":"(anonymous_2)","decl":{"start":{"line":24,"column":25},"end":{"line":24,"column":26}},"loc":{"start":{"line":24,"column":35},"end":{"line":36,"column":15}},"line":24},"3":{"name":"(anonymous_3)","decl":{"start":{"line":31,"column":29},"end":{"line":31,"column":30}},"loc":{"start":{"line":31,"column":35},"end":{"line":31,"column":57}},"line":31}},"branchMap":{"0":{"loc":{"start":{"line":17,"column":4},"end":{"line":17,"column":40}},"type":"if","locations":[{"start":{"line":17,"column":4},"end":{"line":17,"column":40}},{"start":{},"end":{}}],"line":17},"1":{"loc":{"start":{"line":28,"column":22},"end":{"line":28,"column":75}},"type":"cond-expr","locations":[{"start":{"line":28,"column":56},"end":{"line":28,"column":70}},{"start":{"line":28,"column":73},"end":{"line":28,"column":75}}],"line":28}},"s":{"0":0,"1":0,"2":0,"3":0,"4":0,"5":0,"6":0,"7":0,"8":0},"f":{"0":0,"1":0,"2":0,"3":0},"b":{"0":[0,0],"1":[0,0]}}
,"/Users/Vera/work/optimus-prime/optimus-prime/client/src/components/footer/footer.jsx": {"path":"/Users/Vera/work/optimus-prime/optimus-prime/client/src/components/footer/footer.jsx","statementMap":{"0":{"start":{"line":8,"column":4},"end":{"line":40,"column":6}}},"fnMap":{"0":{"name":"(anonymous_0)","decl":{"start":{"line":7,"column":2},"end":{"line":7,"column":3}},"loc":{"start":{"line":7,"column":11},"end":{"line":41,"column":3}},"line":7}},"branchMap":{},"s":{"0":0},"f":{"0":0},"b":{}}
,"/Users/Vera/work/optimus-prime/optimus-prime/client/src/components/formError/formError.jsx": {"path":"/Users/Vera/work/optimus-prime/optimus-prime/client/src/components/formError/formError.jsx","statementMap":{"0":{"start":{"line":7,"column":22},"end":{"line":7,"column":32}},"1":{"start":{"line":9,"column":4},"end":{"line":9,"column":64}}},"fnMap":{"0":{"name":"(anonymous_0)","decl":{"start":{"line":6,"column":2},"end":{"line":6,"column":3}},"loc":{"start":{"line":6,"column":11},"end":{"line":10,"column":3}},"line":6}},"branchMap":{"0":{"loc":{"start":{"line":9,"column":11},"end":{"line":9,"column":63}},"type":"binary-expr","locations":[{"start":{"line":9,"column":11},"end":{"line":9,"column":16}},{"start":{"line":9,"column":20},"end":{"line":9,"column":63}}],"line":9}},"s":{"0":0,"1":0},"f":{"0":0},"b":{"0":[0,0]}}
,"/Users/Vera/work/optimus-prime/optimus-prime/client/src/components/goHomeButton/GoHomeButton.jsx": {"path":"/Users/Vera/work/optimus-prime/optimus-prime/client/src/components/goHomeButton/GoHomeButton.jsx","statementMap":{"0":{"start":{"line":7,"column":4},"end":{"line":13,"column":6}}},"fnMap":{"0":{"name":"(anonymous_0)","decl":{"start":{"line":6,"column":2},"end":{"line":6,"column":3}},"loc":{"start":{"line":6,"column":11},"end":{"line":14,"column":3}},"line":6}},"branchMap":{},"s":{"0":0},"f":{"0":0},"b":{}}
,"/Users/Vera/work/optimus-prime/optimus-prime/client/src/components/header/header.jsx": {"path":"/Users/Vera/work/optimus-prime/optimus-prime/client/src/components/header/header.jsx","statementMap":{"0":{"start":{"line":7,"column":4},"end":{"line":7,"column":17}},"1":{"start":{"line":8,"column":4},"end":{"line":8,"column":23}},"2":{"start":{"line":12,"column":4},"end":{"line":19,"column":6}}},"fnMap":{"0":{"name":"(anonymous_0)","decl":{"start":{"line":6,"column":2},"end":{"line":6,"column":3}},"loc":{"start":{"line":6,"column":21},"end":{"line":9,"column":3}},"line":6},"1":{"name":"(anonymous_1)","decl":{"start":{"line":11,"column":2},"end":{"line":11,"column":3}},"loc":{"start":{"line":11,"column":11},"end":{"line":20,"column":3}},"line":11}},"branchMap":{},"s":{"0":0,"1":0,"2":0},"f":{"0":0,"1":0},"b":{}}
,"/Users/Vera/work/optimus-prime/optimus-prime/client/src/components/input/input.jsx": {"path":"/Users/Vera/work/optimus-prime/optimus-prime/client/src/components/input/input.jsx","statementMap":{"0":{"start":{"line":5,"column":10},"end":{"line":8,"column":3}},"1":{"start":{"line":10,"column":16},"end":{"line":30,"column":3}},"2":{"start":{"line":11,"column":21},"end":{"line":11,"column":31}},"3":{"start":{"line":12,"column":16},"end":{"line":12,"column":30}},"4":{"start":{"line":13,"column":0},"end":{"line":13,"column":20}},"5":{"start":{"line":14,"column":4},"end":{"line":16,"column":5}},"6":{"start":{"line":15,"column":6},"end":{"line":15,"column":28}},"7":{"start":{"line":18,"column":4},"end":{"line":29,"column":5}},"8":{"start":{"line":20,"column":8},"end":{"line":20,"column":45}},"9":{"start":{"line":21,"column":8},"end":{"line":21,"column":14}},"10":{"start":{"line":24,"column":8},"end":{"line":24,"column":47}},"11":{"start":{"line":25,"column":8},"end":{"line":25,"column":14}},"12":{"start":{"line":28,"column":8},"end":{"line":28,"column":15}},"13":{"start":{"line":32,"column":15},"end":{"line":38,"column":3}},"14":{"start":{"line":33,"column":41},"end":{"line":33,"column":51}},"15":{"start":{"line":34,"column":31},"end":{"line":34,"column":41}},"16":{"start":{"line":35,"column":4},"end":{"line":37,"column":5}},"17":{"start":{"line":36,"column":6},"end":{"line":36,"column":35}},"18":{"start":{"line":41,"column":61},"end":{"line":41,"column":71}},"19":{"start":{"line":42,"column":29},"end":{"line":42,"column":39}},"20":{"start":{"line":44,"column":4},"end":{"line":62,"column":6}}},"fnMap":{"0":{"name":"(anonymous_0)","decl":{"start":{"line":10,"column":16},"end":{"line":10,"column":17}},"loc":{"start":{"line":10,"column":23},"end":{"line":30,"column":3}},"line":10},"1":{"name":"(anonymous_1)","decl":{"start":{"line":32,"column":15},"end":{"line":32,"column":16}},"loc":{"start":{"line":32,"column":21},"end":{"line":38,"column":3}},"line":32},"2":{"name":"(anonymous_2)","decl":{"start":{"line":40,"column":2},"end":{"line":40,"column":3}},"loc":{"start":{"line":40,"column":11},"end":{"line":63,"column":3}},"line":40}},"branchMap":{"0":{"loc":{"start":{"line":14,"column":4},"end":{"line":16,"column":5}},"type":"if","locations":[{"start":{"line":14,"column":4},"end":{"line":16,"column":5}},{"start":{},"end":{}}],"line":14},"1":{"loc":{"start":{"line":14,"column":8},"end":{"line":14,"column":41}},"type":"binary-expr","locations":[{"start":{"line":14,"column":8},"end":{"line":14,"column":25}},{"start":{"line":14,"column":29},"end":{"line":14,"column":41}}],"line":14},"2":{"loc":{"start":{"line":18,"column":4},"end":{"line":29,"column":5}},"type":"switch","locations":[{"start":{"line":19,"column":6},"end":{"line":21,"column":14}},{"start":{"line":23,"column":6},"end":{"line":25,"column":14}},{"start":{"line":27,"column":6},"end":{"line":28,"column":15}}],"line":18},"3":{"loc":{"start":{"line":35,"column":4},"end":{"line":37,"column":5}},"type":"if","locations":[{"start":{"line":35,"column":4},"end":{"line":37,"column":5}},{"start":{},"end":{}}],"line":35}},"s":{"0":0,"1":0,"2":0,"3":0,"4":0,"5":0,"6":0,"7":0,"8":0,"9":0,"10":0,"11":0,"12":0,"13":0,"14":0,"15":0,"16":0,"17":0,"18":0,"19":0,"20":0},"f":{"0":0,"1":0,"2":0},"b":{"0":[0,0],"1":[0,0],"2":[0,0,0],"3":[0,0]}}
,"/Users/Vera/work/optimus-prime/optimus-prime/client/src/components/loading/loading.jsx": {"path":"/Users/Vera/work/optimus-prime/optimus-prime/client/src/components/loading/loading.jsx","statementMap":{"0":{"start":{"line":7,"column":4},"end":{"line":11,"column":6}}},"fnMap":{"0":{"name":"(anonymous_0)","decl":{"start":{"line":6,"column":2},"end":{"line":6,"column":3}},"loc":{"start":{"line":6,"column":11},"end":{"line":12,"column":3}},"line":6}},"branchMap":{},"s":{"0":0},"f":{"0":0},"b":{}}
,"/Users/Vera/work/optimus-prime/optimus-prime/client/src/components/logo/logo.jsx": {"path":"/Users/Vera/work/optimus-prime/optimus-prime/client/src/components/logo/logo.jsx","statementMap":{"0":{"start":{"line":7,"column":4},"end":{"line":11,"column":6}}},"fnMap":{"0":{"name":"(anonymous_0)","decl":{"start":{"line":6,"column":2},"end":{"line":6,"column":3}},"loc":{"start":{"line":6,"column":11},"end":{"line":12,"column":3}},"line":6}},"branchMap":{},"s":{"0":0},"f":{"0":0},"b":{}}
,"/Users/Vera/work/optimus-prime/optimus-prime/client/src/components/notFoundError/notFoundError.jsx": {"path":"/Users/Vera/work/optimus-prime/optimus-prime/client/src/components/notFoundError/notFoundError.jsx","statementMap":{"0":{"start":{"line":9,"column":4},"end":{"line":20,"column":6}}},"fnMap":{"0":{"name":"(anonymous_0)","decl":{"start":{"line":8,"column":2},"end":{"line":8,"column":3}},"loc":{"start":{"line":8,"column":11},"end":{"line":21,"column":3}},"line":8}},"branchMap":{},"s":{"0":0},"f":{"0":0},"b":{}}
,"/Users/Vera/work/optimus-prime/optimus-prime/client/src/components/page/page.jsx": {"path":"/Users/Vera/work/optimus-prime/optimus-prime/client/src/components/page/page.jsx","statementMap":{"0":{"start":{"line":8,"column":4},"end":{"line":8,"column":70}},"1":{"start":{"line":12,"column":32},"end":{"line":12,"column":42}},"2":{"start":{"line":13,"column":17},"end":{"line":13,"column":33}},"3":{"start":{"line":15,"column":4},"end":{"line":21,"column":6}}},"fnMap":{"0":{"name":"(anonymous_0)","decl":{"start":{"line":7,"column":2},"end":{"line":7,"column":3}},"loc":{"start":{"line":7,"column":14},"end":{"line":9,"column":3}},"line":7},"1":{"name":"(anonymous_1)","decl":{"start":{"line":11,"column":2},"end":{"line":11,"column":3}},"loc":{"start":{"line":11,"column":11},"end":{"line":22,"column":3}},"line":11}},"branchMap":{"0":{"loc":{"start":{"line":8,"column":11},"end":{"line":8,"column":69}},"type":"cond-expr","locations":[{"start":{"line":8,"column":36},"end":{"line":8,"column":51}},{"start":{"line":8,"column":54},"end":{"line":8,"column":69}}],"line":8}},"s":{"0":0,"1":0,"2":0,"3":0},"f":{"0":0,"1":0},"b":{"0":[0,0]}}
,"/Users/Vera/work/optimus-prime/optimus-prime/client/src/components/pagination/pagination.jsx": {"path":"/Users/Vera/work/optimus-prime/optimus-prime/client/src/components/pagination/pagination.jsx","statementMap":{"0":{"start":{"line":7,"column":21},"end":{"line":7,"column":23}},"1":{"start":{"line":8,"column":4},"end":{"line":10,"column":5}},"2":{"start":{"line":8,"column":17},"end":{"line":8,"column":18}},"3":{"start":{"line":9,"column":6},"end":{"line":9,"column":25}},"4":{"start":{"line":11,"column":4},"end":{"line":11,"column":22}},"5":{"start":{"line":15,"column":27},"end":{"line":15,"column":53}},"6":{"start":{"line":16,"column":29},"end":{"line":16,"column":72}},"7":{"start":{"line":16,"column":61},"end":{"line":16,"column":71}},"8":{"start":{"line":17,"column":23},"end":{"line":17,"column":45}},"9":{"start":{"line":18,"column":4},"end":{"line":27,"column":5}},"10":{"start":{"line":19,"column":6},"end":{"line":26,"column":7}},"11":{"start":{"line":20,"column":8},"end":{"line":20,"column":48}},"12":{"start":{"line":22,"column":8},"end":{"line":25,"column":79}},"13":{"start":{"line":28,"column":4},"end":{"line":28,"column":24}},"14":{"start":{"line":32,"column":4},"end":{"line":34,"column":5}},"15":{"start":{"line":33,"column":6},"end":{"line":33,"column":18}},"16":{"start":{"line":35,"column":4},"end":{"line":39,"column":6}},"17":{"start":{"line":36,"column":57},"end":{"line":36,"column":75}},"18":{"start":{"line":43,"column":4},"end":{"line":45,"column":5}},"19":{"start":{"line":44,"column":6},"end":{"line":44,"column":18}},"20":{"start":{"line":46,"column":4},"end":{"line":48,"column":5}},"21":{"start":{"line":47,"column":6},"end":{"line":47,"column":18}},"22":{"start":{"line":49,"column":4},"end":{"line":53,"column":6}},"23":{"start":{"line":50,"column":57},"end":{"line":50,"column":75}},"24":{"start":{"line":57,"column":4},"end":{"line":66,"column":6}},"25":{"start":{"line":61,"column":26},"end":{"line":61,"column":42}},"26":{"start":{"line":70,"column":38},"end":{"line":70,"column":48}},"27":{"start":{"line":71,"column":25},"end":{"line":71,"column":60}},"28":{"start":{"line":73,"column":4},"end":{"line":75,"column":5}},"29":{"start":{"line":74,"column":6},"end":{"line":74,"column":18}},"30":{"start":{"line":77,"column":4},"end":{"line":89,"column":6}},"31":{"start":{"line":82,"column":12},"end":{"line":84,"column":17}}},"fnMap":{"0":{"name":"(anonymous_0)","decl":{"start":{"line":6,"column":2},"end":{"line":6,"column":3}},"loc":{"start":{"line":6,"column":30},"end":{"line":12,"column":3}},"line":6},"1":{"name":"(anonymous_1)","decl":{"start":{"line":14,"column":2},"end":{"line":14,"column":3}},"loc":{"start":{"line":14,"column":33},"end":{"line":29,"column":3}},"line":14},"2":{"name":"(anonymous_2)","decl":{"start":{"line":16,"column":54},"end":{"line":16,"column":55}},"loc":{"start":{"line":16,"column":61},"end":{"line":16,"column":71}},"line":16},"3":{"name":"(anonymous_3)","decl":{"start":{"line":31,"column":2},"end":{"line":31,"column":3}},"loc":{"start":{"line":31,"column":33},"end":{"line":40,"column":3}},"line":31},"4":{"name":"(anonymous_4)","decl":{"start":{"line":36,"column":51},"end":{"line":36,"column":52}},"loc":{"start":{"line":36,"column":57},"end":{"line":36,"column":75}},"line":36},"5":{"name":"(anonymous_5)","decl":{"start":{"line":42,"column":2},"end":{"line":42,"column":3}},"loc":{"start":{"line":42,"column":40},"end":{"line":54,"column":3}},"line":42},"6":{"name":"(anonymous_6)","decl":{"start":{"line":50,"column":51},"end":{"line":50,"column":52}},"loc":{"start":{"line":50,"column":57},"end":{"line":50,"column":75}},"line":50},"7":{"name":"(anonymous_7)","decl":{"start":{"line":56,"column":2},"end":{"line":56,"column":3}},"loc":{"start":{"line":56,"column":39},"end":{"line":67,"column":3}},"line":56},"8":{"name":"(anonymous_8)","decl":{"start":{"line":61,"column":20},"end":{"line":61,"column":21}},"loc":{"start":{"line":61,"column":26},"end":{"line":61,"column":42}},"line":61},"9":{"name":"(anonymous_9)","decl":{"start":{"line":69,"column":2},"end":{"line":69,"column":3}},"loc":{"start":{"line":69,"column":11},"end":{"line":90,"column":3}},"line":69},"10":{"name":"(anonymous_10)","decl":{"start":{"line":81,"column":28},"end":{"line":81,"column":29}},"loc":{"start":{"line":82,"column":12},"end":{"line":84,"column":17}},"line":82}},"branchMap":{"0":{"loc":{"start":{"line":18,"column":4},"end":{"line":27,"column":5}},"type":"if","locations":[{"start":{"line":18,"column":4},"end":{"line":27,"column":5}},{"start":{},"end":{}}],"line":18},"1":{"loc":{"start":{"line":19,"column":6},"end":{"line":26,"column":7}},"type":"if","locations":[{"start":{"line":19,"column":6},"end":{"line":26,"column":7}},{"start":{"line":21,"column":13},"end":{"line":26,"column":7}}],"line":19},"2":{"loc":{"start":{"line":23,"column":10},"end":{"line":25,"column":78}},"type":"cond-expr","locations":[{"start":{"line":24,"column":14},"end":{"line":24,"column":40}},{"start":{"line":25,"column":14},"end":{"line":25,"column":78}}],"line":23},"3":{"loc":{"start":{"line":32,"column":4},"end":{"line":34,"column":5}},"type":"if","locations":[{"start":{"line":32,"column":4},"end":{"line":34,"column":5}},{"start":{},"end":{}}],"line":32},"4":{"loc":{"start":{"line":43,"column":4},"end":{"line":45,"column":5}},"type":"if","locations":[{"start":{"line":43,"column":4},"end":{"line":45,"column":5}},{"start":{},"end":{}}],"line":43},"5":{"loc":{"start":{"line":46,"column":4},"end":{"line":48,"column":5}},"type":"if","locations":[{"start":{"line":46,"column":4},"end":{"line":48,"column":5}},{"start":{},"end":{}}],"line":46},"6":{"loc":{"start":{"line":73,"column":4},"end":{"line":75,"column":5}},"type":"if","locations":[{"start":{"line":73,"column":4},"end":{"line":75,"column":5}},{"start":{},"end":{}}],"line":73}},"s":{"0":0,"1":0,"2":0,"3":0,"4":0,"5":0,"6":0,"7":0,"8":0,"9":0,"10":0,"11":0,"12":0,"13":0,"14":0,"15":0,"16":0,"17":0,"18":0,"19":0,"20":0,"21":0,"22":0,"23":0,"24":0,"25":0,"26":0,"27":0,"28":0,"29":0,"30":0,"31":0},"f":{"0":0,"1":0,"2":0,"3":0,"4":0,"5":0,"6":0,"7":0,"8":0,"9":0,"10":0},"b":{"0":[0,0],"1":[0,0],"2":[0,0],"3":[0,0],"4":[0,0],"5":[0,0],"6":[0,0]}}
,"/Users/Vera/work/optimus-prime/optimus-prime/client/src/components/priceLabel/priceLabel.jsx": {"path":"/Users/Vera/work/optimus-prime/optimus-prime/client/src/components/priceLabel/priceLabel.jsx","statementMap":{"0":{"start":{"line":6,"column":17},"end":{"line":9,"column":3}},"1":{"start":{"line":7,"column":20},"end":{"line":7,"column":49}},"2":{"start":{"line":8,"column":4},"end":{"line":8,"column":26}},"3":{"start":{"line":10,"column":16},"end":{"line":19,"column":3}},"4":{"start":{"line":11,"column":4},"end":{"line":18,"column":5}},"5":{"start":{"line":13,"column":8},"end":{"line":13,"column":63}},"6":{"start":{"line":15,"column":8},"end":{"line":15,"column":63}},"7":{"start":{"line":17,"column":8},"end":{"line":17,"column":20}},"8":{"start":{"line":20,"column":15},"end":{"line":29,"column":3}},"9":{"start":{"line":21,"column":4},"end":{"line":28,"column":5}},"10":{"start":{"line":23,"column":8},"end":{"line":23,"column":26}},"11":{"start":{"line":25,"column":8},"end":{"line":25,"column":26}},"12":{"start":{"line":27,"column":8},"end":{"line":27,"column":20}},"13":{"start":{"line":31,"column":34},"end":{"line":31,"column":44}},"14":{"start":{"line":32,"column":4},"end":{"line":40,"column":6}}},"fnMap":{"0":{"name":"(anonymous_0)","decl":{"start":{"line":6,"column":17},"end":{"line":6,"column":18}},"loc":{"start":{"line":6,"column":28},"end":{"line":9,"column":3}},"line":6},"1":{"name":"(anonymous_1)","decl":{"start":{"line":10,"column":16},"end":{"line":10,"column":17}},"loc":{"start":{"line":10,"column":26},"end":{"line":19,"column":3}},"line":10},"2":{"name":"(anonymous_2)","decl":{"start":{"line":20,"column":15},"end":{"line":20,"column":16}},"loc":{"start":{"line":20,"column":25},"end":{"line":29,"column":3}},"line":20},"3":{"name":"(anonymous_3)","decl":{"start":{"line":30,"column":2},"end":{"line":30,"column":3}},"loc":{"start":{"line":30,"column":11},"end":{"line":41,"column":3}},"line":30}},"branchMap":{"0":{"loc":{"start":{"line":11,"column":4},"end":{"line":18,"column":5}},"type":"switch","locations":[{"start":{"line":12,"column":6},"end":{"line":13,"column":63}},{"start":{"line":14,"column":6},"end":{"line":15,"column":63}},{"start":{"line":16,"column":6},"end":{"line":17,"column":20}}],"line":11},"1":{"loc":{"start":{"line":21,"column":4},"end":{"line":28,"column":5}},"type":"switch","locations":[{"start":{"line":22,"column":6},"end":{"line":23,"column":26}},{"start":{"line":24,"column":6},"end":{"line":25,"column":26}},{"start":{"line":26,"column":6},"end":{"line":27,"column":20}}],"line":21}},"s":{"0":0,"1":0,"2":0,"3":0,"4":0,"5":0,"6":0,"7":0,"8":0,"9":0,"10":0,"11":0,"12":0,"13":0,"14":0},"f":{"0":0,"1":0,"2":0,"3":0},"b":{"0":[0,0,0],"1":[0,0,0]}}
,"/Users/Vera/work/optimus-prime/optimus-prime/client/src/components/propertyCard/propertyCard.jsx": {"path":"/Users/Vera/work/optimus-prime/optimus-prime/client/src/components/propertyCard/propertyCard.jsx","statementMap":{"0":{"start":{"line":8,"column":16},"end":{"line":10,"column":3}},"1":{"start":{"line":9,"column":4},"end":{"line":9,"column":26}},"2":{"start":{"line":28,"column":8},"end":{"line":28,"column":18}},"3":{"start":{"line":30,"column":4},"end":{"line":54,"column":6}}},"fnMap":{"0":{"name":"(anonymous_0)","decl":{"start":{"line":8,"column":16},"end":{"line":8,"column":17}},"loc":{"start":{"line":8,"column":22},"end":{"line":10,"column":3}},"line":8},"1":{"name":"(anonymous_1)","decl":{"start":{"line":12,"column":2},"end":{"line":12,"column":3}},"loc":{"start":{"line":12,"column":11},"end":{"line":55,"column":3}},"line":12}},"branchMap":{"0":{"loc":{"start":{"line":47,"column":13},"end":{"line":49,"column":53}},"type":"cond-expr","locations":[{"start":{"line":48,"column":16},"end":{"line":48,"column":32}},{"start":{"line":49,"column":16},"end":{"line":49,"column":53}}],"line":47}},"s":{"0":0,"1":0,"2":0,"3":0},"f":{"0":0,"1":0},"b":{"0":[0,0]}}
,"/Users/Vera/work/optimus-prime/optimus-prime/client/src/components/propertyDetails/propertyDetails.jsx": {"path":"/Users/Vera/work/optimus-prime/optimus-prime/client/src/components/propertyDetails/propertyDetails.jsx","statementMap":{"0":{"start":{"line":10,"column":55},"end":{"line":10,"column":65}},"1":{"start":{"line":12,"column":4},"end":{"line":31,"column":6}}},"fnMap":{"0":{"name":"(anonymous_0)","decl":{"start":{"line":9,"column":2},"end":{"line":9,"column":3}},"loc":{"start":{"line":9,"column":11},"end":{"line":32,"column":3}},"line":9}},"branchMap":{},"s":{"0":0,"1":0},"f":{"0":0},"b":{}}
,"/Users/Vera/work/optimus-prime/optimus-prime/client/src/components/propertyFilter/propertyFilter.jsx": {"path":"/Users/Vera/work/optimus-prime/optimus-prime/client/src/components/propertyFilter/propertyFilter.jsx","statementMap":{"0":{"start":{"line":14,"column":10},"end":{"line":26,"column":3}},"1":{"start":{"line":29,"column":4},"end":{"line":29,"column":37}},"2":{"start":{"line":32,"column":17},"end":{"line":42,"column":3}},"3":{"start":{"line":33,"column":22},"end":{"line":33,"column":60}},"4":{"start":{"line":34,"column":4},"end":{"line":34,"column":32}},"5":{"start":{"line":35,"column":4},"end":{"line":41,"column":5}},"6":{"start":{"line":36,"column":6},"end":{"line":40,"column":7}},"7":{"start":{"line":37,"column":8},"end":{"line":37,"column":49}},"8":{"start":{"line":38,"column":8},"end":{"line":38,"column":39}},"9":{"start":{"line":39,"column":8},"end":{"line":39,"column":15}},"10":{"start":{"line":45,"column":21},"end":{"line":45,"column":39}},"11":{"start":{"line":46,"column":4},"end":{"line":57,"column":7}},"12":{"start":{"line":47,"column":6},"end":{"line":56,"column":7}},"13":{"start":{"line":49,"column":10},"end":{"line":49,"column":57}},"14":{"start":{"line":51,"column":10},"end":{"line":51,"column":53}},"15":{"start":{"line":53,"column":10},"end":{"line":53,"column":53}},"16":{"start":{"line":55,"column":10},"end":{"line":55,"column":22}},"17":{"start":{"line":61,"column":21},"end":{"line":61,"column":39}},"18":{"start":{"line":62,"column":4},"end":{"line":71,"column":7}},"19":{"start":{"line":63,"column":6},"end":{"line":70,"column":7}},"20":{"start":{"line":65,"column":10},"end":{"line":65,"column":48}},"21":{"start":{"line":67,"column":10},"end":{"line":67,"column":48}},"22":{"start":{"line":69,"column":10},"end":{"line":69,"column":22}},"23":{"start":{"line":75,"column":25},"end":{"line":75,"column":43}},"24":{"start":{"line":76,"column":4},"end":{"line":87,"column":7}},"25":{"start":{"line":77,"column":6},"end":{"line":86,"column":7}},"26":{"start":{"line":79,"column":10},"end":{"line":79,"column":54}},"27":{"start":{"line":81,"column":10},"end":{"line":81,"column":54}},"28":{"start":{"line":83,"column":10},"end":{"line":83,"column":54}},"29":{"start":{"line":85,"column":10},"end":{"line":85,"column":22}},"30":{"start":{"line":102,"column":8},"end":{"line":102,"column":18}},"31":{"start":{"line":104,"column":4},"end":{"line":223,"column":6}},"32":{"start":{"line":114,"column":41},"end":{"line":114,"column":76}},"33":{"start":{"line":123,"column":41},"end":{"line":123,"column":76}},"34":{"start":{"line":135,"column":43},"end":{"line":135,"column":78}},"35":{"start":{"line":146,"column":43},"end":{"line":146,"column":78}},"36":{"start":{"line":158,"column":41},"end":{"line":158,"column":76}},"37":{"start":{"line":169,"column":41},"end":{"line":169,"column":76}},"38":{"start":{"line":181,"column":43},"end":{"line":181,"column":78}},"39":{"start":{"line":192,"column":43},"end":{"line":192,"column":78}},"40":{"start":{"line":202,"column":41},"end":{"line":202,"column":76}},"41":{"start":{"line":213,"column":41},"end":{"line":213,"column":76}}},"fnMap":{"0":{"name":"(anonymous_0)","decl":{"start":{"line":28,"column":2},"end":{"line":28,"column":3}},"loc":{"start":{"line":28,"column":33},"end":{"line":30,"column":3}},"line":28},"1":{"name":"(anonymous_1)","decl":{"start":{"line":32,"column":17},"end":{"line":32,"column":18}},"loc":{"start":{"line":32,"column":23},"end":{"line":42,"column":3}},"line":32},"2":{"name":"(anonymous_2)","decl":{"start":{"line":44,"column":2},"end":{"line":44,"column":3}},"loc":{"start":{"line":44,"column":16},"end":{"line":58,"column":3}},"line":44},"3":{"name":"(anonymous_3)","decl":{"start":{"line":46,"column":20},"end":{"line":46,"column":21}},"loc":{"start":{"line":46,"column":30},"end":{"line":57,"column":5}},"line":46},"4":{"name":"(anonymous_4)","decl":{"start":{"line":60,"column":2},"end":{"line":60,"column":3}},"loc":{"start":{"line":60,"column":18},"end":{"line":72,"column":3}},"line":60},"5":{"name":"(anonymous_5)","decl":{"start":{"line":62,"column":20},"end":{"line":62,"column":21}},"loc":{"start":{"line":62,"column":30},"end":{"line":71,"column":5}},"line":62},"6":{"name":"(anonymous_6)","decl":{"start":{"line":74,"column":2},"end":{"line":74,"column":3}},"loc":{"start":{"line":74,"column":20},"end":{"line":88,"column":3}},"line":74},"7":{"name":"(anonymous_7)","decl":{"start":{"line":76,"column":24},"end":{"line":76,"column":25}},"loc":{"start":{"line":76,"column":38},"end":{"line":87,"column":5}},"line":76},"8":{"name":"(anonymous_8)","decl":{"start":{"line":90,"column":2},"end":{"line":90,"column":3}},"loc":{"start":{"line":90,"column":11},"end":{"line":224,"column":3}},"line":90},"9":{"name":"(anonymous_9)","decl":{"start":{"line":114,"column":24},"end":{"line":114,"column":25}},"loc":{"start":{"line":114,"column":41},"end":{"line":114,"column":76}},"line":114},"10":{"name":"(anonymous_10)","decl":{"start":{"line":123,"column":24},"end":{"line":123,"column":25}},"loc":{"start":{"line":123,"column":41},"end":{"line":123,"column":76}},"line":123},"11":{"name":"(anonymous_11)","decl":{"start":{"line":135,"column":26},"end":{"line":135,"column":27}},"loc":{"start":{"line":135,"column":43},"end":{"line":135,"column":78}},"line":135},"12":{"name":"(anonymous_12)","decl":{"start":{"line":146,"column":26},"end":{"line":146,"column":27}},"loc":{"start":{"line":146,"column":43},"end":{"line":146,"column":78}},"line":146},"13":{"name":"(anonymous_13)","decl":{"start":{"line":158,"column":24},"end":{"line":158,"column":25}},"loc":{"start":{"line":158,"column":41},"end":{"line":158,"column":76}},"line":158},"14":{"name":"(anonymous_14)","decl":{"start":{"line":169,"column":24},"end":{"line":169,"column":25}},"loc":{"start":{"line":169,"column":41},"end":{"line":169,"column":76}},"line":169},"15":{"name":"(anonymous_15)","decl":{"start":{"line":181,"column":26},"end":{"line":181,"column":27}},"loc":{"start":{"line":181,"column":43},"end":{"line":181,"column":78}},"line":181},"16":{"name":"(anonymous_16)","decl":{"start":{"line":192,"column":26},"end":{"line":192,"column":27}},"loc":{"start":{"line":192,"column":43},"end":{"line":192,"column":78}},"line":192},"17":{"name":"(anonymous_17)","decl":{"start":{"line":202,"column":24},"end":{"line":202,"column":25}},"loc":{"start":{"line":202,"column":41},"end":{"line":202,"column":76}},"line":202},"18":{"name":"(anonymous_18)","decl":{"start":{"line":213,"column":24},"end":{"line":213,"column":25}},"loc":{"start":{"line":213,"column":41},"end":{"line":213,"column":76}},"line":213}},"branchMap":{"0":{"loc":{"start":{"line":36,"column":6},"end":{"line":40,"column":7}},"type":"if","locations":[{"start":{"line":36,"column":6},"end":{"line":40,"column":7}},{"start":{},"end":{}}],"line":36},"1":{"loc":{"start":{"line":47,"column":6},"end":{"line":56,"column":7}},"type":"switch","locations":[{"start":{"line":48,"column":8},"end":{"line":49,"column":57}},{"start":{"line":50,"column":8},"end":{"line":51,"column":53}},{"start":{"line":52,"column":8},"end":{"line":53,"column":53}},{"start":{"line":54,"column":8},"end":{"line":55,"column":22}}],"line":47},"2":{"loc":{"start":{"line":63,"column":6},"end":{"line":70,"column":7}},"type":"switch","locations":[{"start":{"line":64,"column":8},"end":{"line":65,"column":48}},{"start":{"line":66,"column":8},"end":{"line":67,"column":48}},{"start":{"line":68,"column":8},"end":{"line":69,"column":22}}],"line":63},"3":{"loc":{"start":{"line":77,"column":6},"end":{"line":86,"column":7}},"type":"switch","locations":[{"start":{"line":78,"column":8},"end":{"line":79,"column":54}},{"start":{"line":80,"column":8},"end":{"line":81,"column":54}},{"start":{"line":82,"column":8},"end":{"line":83,"column":54}},{"start":{"line":84,"column":8},"end":{"line":85,"column":22}}],"line":77},"4":{"loc":{"start":{"line":131,"column":23},"end":{"line":131,"column":36}},"type":"binary-expr","locations":[{"start":{"line":131,"column":23},"end":{"line":131,"column":30}},{"start":{"line":131,"column":34},"end":{"line":131,"column":36}}],"line":131},"5":{"loc":{"start":{"line":142,"column":23},"end":{"line":142,"column":36}},"type":"binary-expr","locations":[{"start":{"line":142,"column":23},"end":{"line":142,"column":30}},{"start":{"line":142,"column":34},"end":{"line":142,"column":36}}],"line":142},"6":{"loc":{"start":{"line":154,"column":21},"end":{"line":154,"column":35}},"type":"binary-expr","locations":[{"start":{"line":154,"column":21},"end":{"line":154,"column":29}},{"start":{"line":154,"column":33},"end":{"line":154,"column":35}}],"line":154},"7":{"loc":{"start":{"line":165,"column":21},"end":{"line":165,"column":36}},"type":"binary-expr","locations":[{"start":{"line":165,"column":21},"end":{"line":165,"column":30}},{"start":{"line":165,"column":34},"end":{"line":165,"column":36}}],"line":165},"8":{"loc":{"start":{"line":177,"column":23},"end":{"line":177,"column":37}},"type":"binary-expr","locations":[{"start":{"line":177,"column":23},"end":{"line":177,"column":31}},{"start":{"line":177,"column":35},"end":{"line":177,"column":37}}],"line":177},"9":{"loc":{"start":{"line":188,"column":23},"end":{"line":188,"column":37}},"type":"binary-expr","locations":[{"start":{"line":188,"column":23},"end":{"line":188,"column":31}},{"start":{"line":188,"column":35},"end":{"line":188,"column":37}}],"line":188},"10":{"loc":{"start":{"line":209,"column":21},"end":{"line":209,"column":34}},"type":"binary-expr","locations":[{"start":{"line":209,"column":21},"end":{"line":209,"column":28}},{"start":{"line":209,"column":32},"end":{"line":209,"column":34}}],"line":209}},"s":{"0":0,"1":0,"2":0,"3":0,"4":0,"5":0,"6":0,"7":0,"8":0,"9":0,"10":0,"11":0,"12":0,"13":0,"14":0,"15":0,"16":0,"17":0,"18":0,"19":0,"20":0,"21":0,"22":0,"23":0,"24":0,"25":0,"26":0,"27":0,"28":0,"29":0,"30":0,"31":0,"32":0,"33":0,"34":0,"35":0,"36":0,"37":0,"38":0,"39":0,"40":0,"41":0},"f":{"0":0,"1":0,"2":0,"3":0,"4":0,"5":0,"6":0,"7":0,"8":0,"9":0,"10":0,"11":0,"12":0,"13":0,"14":0,"15":0,"16":0,"17":0,"18":0},"b":{"0":[0,0],"1":[0,0,0,0],"2":[0,0,0],"3":[0,0,0,0],"4":[0,0],"5":[0,0],"6":[0,0],"7":[0,0],"8":[0,0],"9":[0,0],"10":[0,0]}}
,"/Users/Vera/work/optimus-prime/optimus-prime/client/src/components/propertyList/propertyList.jsx": {"path":"/Users/Vera/work/optimus-prime/optimus-prime/client/src/components/propertyList/propertyList.jsx","statementMap":{"0":{"start":{"line":9,"column":39},"end":{"line":9,"column":49}},"1":{"start":{"line":10,"column":4},"end":{"line":12,"column":5}},"2":{"start":{"line":11,"column":6},"end":{"line":11,"column":18}},"3":{"start":{"line":14,"column":4},"end":{"line":19,"column":6}},"4":{"start":{"line":17,"column":28},"end":{"line":17,"column":44}},"5":{"start":{"line":23,"column":58},"end":{"line":23,"column":68}},"6":{"start":{"line":24,"column":4},"end":{"line":26,"column":5}},"7":{"start":{"line":25,"column":6},"end":{"line":25,"column":18}},"8":{"start":{"line":28,"column":4},"end":{"line":46,"column":6}},"9":{"start":{"line":34,"column":12},"end":{"line":36,"column":17}},"10":{"start":{"line":43,"column":30},"end":{"line":43,"column":46}}},"fnMap":{"0":{"name":"(anonymous_0)","decl":{"start":{"line":8,"column":2},"end":{"line":8,"column":3}},"loc":{"start":{"line":8,"column":15},"end":{"line":20,"column":3}},"line":8},"1":{"name":"(anonymous_1)","decl":{"start":{"line":17,"column":18},"end":{"line":17,"column":19}},"loc":{"start":{"line":17,"column":28},"end":{"line":17,"column":44}},"line":17},"2":{"name":"(anonymous_2)","decl":{"start":{"line":22,"column":2},"end":{"line":22,"column":3}},"loc":{"start":{"line":22,"column":11},"end":{"line":47,"column":3}},"line":22},"3":{"name":"(anonymous_3)","decl":{"start":{"line":33,"column":26},"end":{"line":33,"column":27}},"loc":{"start":{"line":34,"column":12},"end":{"line":36,"column":17}},"line":34},"4":{"name":"(anonymous_4)","decl":{"start":{"line":43,"column":20},"end":{"line":43,"column":21}},"loc":{"start":{"line":43,"column":30},"end":{"line":43,"column":46}},"line":43}},"branchMap":{"0":{"loc":{"start":{"line":10,"column":4},"end":{"line":12,"column":5}},"type":"if","locations":[{"start":{"line":10,"column":4},"end":{"line":12,"column":5}},{"start":{},"end":{}}],"line":10},"1":{"loc":{"start":{"line":24,"column":4},"end":{"line":26,"column":5}},"type":"if","locations":[{"start":{"line":24,"column":4},"end":{"line":26,"column":5}},{"start":{},"end":{}}],"line":24}},"s":{"0":0,"1":0,"2":0,"3":0,"4":0,"5":0,"6":0,"7":0,"8":0,"9":0,"10":0},"f":{"0":0,"1":0,"2":0,"3":0,"4":0},"b":{"0":[0,0],"1":[0,0]}}
,"/Users/Vera/work/optimus-prime/optimus-prime/client/src/components/sidebar/sidebar.jsx": {"path":"/Users/Vera/work/optimus-prime/optimus-prime/client/src/components/sidebar/sidebar.jsx","statementMap":{"0":{"start":{"line":7,"column":25},"end":{"line":7,"column":35}},"1":{"start":{"line":9,"column":4},"end":{"line":17,"column":6}}},"fnMap":{"0":{"name":"(anonymous_0)","decl":{"start":{"line":6,"column":2},"end":{"line":6,"column":3}},"loc":{"start":{"line":6,"column":11},"end":{"line":18,"column":3}},"line":6}},"branchMap":{},"s":{"0":0,"1":0},"f":{"0":0},"b":{}}
,"/Users/Vera/work/optimus-prime/optimus-prime/client/src/components/subtitle/subtitle.jsx": {"path":"/Users/Vera/work/optimus-prime/optimus-prime/client/src/components/subtitle/subtitle.jsx","statementMap":{"0":{"start":{"line":6,"column":25},"end":{"line":6,"column":35}},"1":{"start":{"line":8,"column":4},"end":{"line":8,"column":52}}},"fnMap":{"0":{"name":"(anonymous_0)","decl":{"start":{"line":5,"column":2},"end":{"line":5,"column":3}},"loc":{"start":{"line":5,"column":11},"end":{"line":9,"column":3}},"line":5}},"branchMap":{},"s":{"0":0,"1":0},"f":{"0":0},"b":{}}
[...]
,"/Users/Vera/work/optimus-prime/optimus-prime/client/src/pages/components-gallery.jsx": {"path":"/Users/Vera/work/optimus-prime/optimus-prime/client/src/pages/components-gallery.jsx","statementMap":{"0":{"start":{"line":51,"column":10},"end":{"line":54,"column":3}},"1":{"start":{"line":57,"column":28},"end":{"line":57,"column":51}},"2":{"start":{"line":59,"column":4},"end":{"line":65,"column":58}},"3":{"start":{"line":60,"column":21},"end":{"line":60,"column":31}},"4":{"start":{"line":62,"column":8},"end":{"line":62,"column":51}},"5":{"start":{"line":64,"column":19},"end":{"line":64,"column":67}},"6":{"start":{"line":65,"column":21},"end":{"line":65,"column":56}},"7":{"start":{"line":69,"column":28},"end":{"line":69,"column":47}},"8":{"start":{"line":70,"column":4},"end":{"line":324,"column":12}},"9":{"start":{"line":77,"column":39},"end":{"line":77,"column":95}},"10":{"start":{"line":88,"column":51},"end":{"line":88,"column":94}},"11":{"start":{"line":103,"column":28},"end":{"line":103,"column":66}},"12":{"start":{"line":197,"column":35},"end":{"line":197,"column":59}},"13":{"start":{"line":206,"column":35},"end":{"line":206,"column":59}},"14":{"start":{"line":215,"column":35},"end":{"line":215,"column":59}},"15":{"start":{"line":224,"column":35},"end":{"line":224,"column":59}},"16":{"start":{"line":246,"column":14},"end":{"line":246,"column":51}},"17":{"start":{"line":247,"column":14},"end":{"line":247,"column":75}},"18":{"start":{"line":288,"column":35},"end":{"line":288,"column":59}},"19":{"start":{"line":297,"column":35},"end":{"line":297,"column":59}},"20":{"start":{"line":306,"column":35},"end":{"line":306,"column":59}},"21":{"start":{"line":315,"column":35},"end":{"line":315,"column":59}}},"fnMap":{"0":{"name":"(anonymous_0)","decl":{"start":{"line":56,"column":2},"end":{"line":56,"column":3}},"loc":{"start":{"line":56,"column":22},"end":{"line":66,"column":3}},"line":56},"1":{"name":"(anonymous_1)","decl":{"start":{"line":60,"column":12},"end":{"line":60,"column":13}},"loc":{"start":{"line":60,"column":21},"end":{"line":60,"column":31}},"line":60},"2":{"name":"(anonymous_2)","decl":{"start":{"line":61,"column":12},"end":{"line":61,"column":13}},"loc":{"start":{"line":61,"column":22},"end":{"line":63,"column":7}},"line":61},"3":{"name":"(anonymous_3)","decl":{"start":{"line":64,"column":13},"end":{"line":64,"column":14}},"loc":{"start":{"line":64,"column":19},"end":{"line":64,"column":67}},"line":64},"4":{"name":"(anonymous_4)","decl":{"start":{"line":65,"column":15},"end":{"line":65,"column":16}},"loc":{"start":{"line":65,"column":21},"end":{"line":65,"column":56}},"line":65},"5":{"name":"(anonymous_5)","decl":{"start":{"line":68,"column":2},"end":{"line":68,"column":3}},"loc":{"start":{"line":68,"column":11},"end":{"line":326,"column":3}},"line":68},"6":{"name":"(anonymous_6)","decl":{"start":{"line":77,"column":18},"end":{"line":77,"column":19}},"loc":{"start":{"line":77,"column":39},"end":{"line":77,"column":95}},"line":77},"7":{"name":"(anonymous_7)","decl":{"start":{"line":88,"column":43},"end":{"line":88,"column":44}},"loc":{"start":{"line":88,"column":51},"end":{"line":88,"column":94}},"line":88},"8":{"name":"(anonymous_8)","decl":{"start":{"line":103,"column":18},"end":{"line":103,"column":19}},"loc":{"start":{"line":103,"column":28},"end":{"line":103,"column":66}},"line":103},"9":{"name":"(anonymous_9)","decl":{"start":{"line":197,"column":18},"end":{"line":197,"column":19}},"loc":{"start":{"line":197,"column":35},"end":{"line":197,"column":59}},"line":197},"10":{"name":"(anonymous_10)","decl":{"start":{"line":206,"column":18},"end":{"line":206,"column":19}},"loc":{"start":{"line":206,"column":35},"end":{"line":206,"column":59}},"line":206},"11":{"name":"(anonymous_11)","decl":{"start":{"line":215,"column":18},"end":{"line":215,"column":19}},"loc":{"start":{"line":215,"column":35},"end":{"line":215,"column":59}},"line":215},"12":{"name":"(anonymous_12)","decl":{"start":{"line":224,"column":18},"end":{"line":224,"column":19}},"loc":{"start":{"line":224,"column":35},"end":{"line":224,"column":59}},"line":224},"13":{"name":"(anonymous_13)","decl":{"start":{"line":245,"column":22},"end":{"line":245,"column":23}},"loc":{"start":{"line":245,"column":38},"end":{"line":248,"column":13}},"line":245},"14":{"name":"(anonymous_14)","decl":{"start":{"line":288,"column":18},"end":{"line":288,"column":19}},"loc":{"start":{"line":288,"column":35},"end":{"line":288,"column":59}},"line":288},"15":{"name":"(anonymous_15)","decl":{"start":{"line":297,"column":18},"end":{"line":297,"column":19}},"loc":{"start":{"line":297,"column":35},"end":{"line":297,"column":59}},"line":297},"16":{"name":"(anonymous_16)","decl":{"start":{"line":306,"column":18},"end":{"line":306,"column":19}},"loc":{"start":{"line":306,"column":35},"end":{"line":306,"column":59}},"line":306},"17":{"name":"(anonymous_17)","decl":{"start":{"line":315,"column":18},"end":{"line":315,"column":19}},"loc":{"start":{"line":315,"column":35},"end":{"line":315,"column":59}},"line":315}},"branchMap":{},"s":{"0":0,"1":0,"2":0,"3":0,"4":0,"5":0,"6":0,"7":0,"8":0,"9":0,"10":0,"11":0,"12":0,"13":0,"14":0,"15":0,"16":0,"17":0,"18":0,"19":0,"20":0,"21":0},"f":{"0":0,"1":0,"2":0,"3":0,"4":0,"5":0,"6":0,"7":0,"8":0,"9":0,"10":0,"11":0,"12":0,"13":0,"14":0,"15":0,"16":0,"17":0},"b":{}}
,"/Users/Vera/work/optimus-prime/optimus-prime/client/src/pages/index.js": {"path":"/Users/Vera/work/optimus-prime/optimus-prime/client/src/pages/index.js","statementMap":{},"fnMap":{},"branchMap":{},"s":{},"f":{},"b":{}}
,"/Users/Vera/work/optimus-prime/optimus-prime/client/src/pages/index.jsx": {"path":"/Users/Vera/work/optimus-prime/optimus-prime/client/src/pages/index.jsx","statementMap":{"0":{"start":{"line":11,"column":10},"end":{"line":23,"column":3}},"1":{"start":{"line":26,"column":25},"end":{"line":37,"column":26}},"2":{"start":{"line":30,"column":12},"end":{"line":35,"column":64}},"3":{"start":{"line":39,"column":23},"end":{"line":39,"column":78}},"4":{"start":{"line":41,"column":22},"end":{"line":41,"column":53}},"5":{"start":{"line":43,"column":4},"end":{"line":43,"column":23}},"6":{"start":{"line":47,"column":22},"end":{"line":47,"column":60}},"7":{"start":{"line":48,"column":36},"end":{"line":48,"column":47}},"8":{"start":{"line":49,"column":4},"end":{"line":49,"column":40}},"9":{"start":{"line":53,"column":26},"end":{"line":53,"column":62}},"10":{"start":{"line":55,"column":26},"end":{"line":55,"column":35}},"11":{"start":{"line":56,"column":4},"end":{"line":56,"column":72}},"12":{"start":{"line":56,"column":37},"end":{"line":56,"column":70}},"13":{"start":{"line":58,"column":22},"end":{"line":58,"column":31}},"14":{"start":{"line":59,"column":4},"end":{"line":59,"column":67}},"15":{"start":{"line":59,"column":37},"end":{"line":59,"column":65}},"16":{"start":{"line":61,"column":22},"end":{"line":61,"column":31}},"17":{"start":{"line":62,"column":4},"end":{"line":62,"column":67}},"18":{"start":{"line":62,"column":37},"end":{"line":62,"column":65}},"19":{"start":{"line":64,"column":4},"end":{"line":64,"column":40}},"20":{"start":{"line":65,"column":4},"end":{"line":65,"column":40}},"21":{"start":{"line":66,"column":4},"end":{"line":66,"column":48}},"22":{"start":{"line":68,"column":4},"end":{"line":68,"column":25}},"23":{"start":{"line":72,"column":4},"end":{"line":80,"column":9}},"24":{"start":{"line":73,"column":24},"end":{"line":73,"column":37}},"25":{"start":{"line":75,"column":8},"end":{"line":79,"column":11}},"26":{"start":{"line":84,"column":16},"end":{"line":84,"column":39}},"27":{"start":{"line":85,"column":4},"end":{"line":85,"column":42}},"28":{"start":{"line":89,"column":33},"end":{"line":89,"column":78}},"29":{"start":{"line":91,"column":4},"end":{"line":103,"column":6}},"30":{"start":{"line":92,"column":22},"end":{"line":92,"column":78}},"31":{"start":{"line":94,"column":28},"end":{"line":94,"column":74}},"32":{"start":{"line":96,"column":8},"end":{"line":101,"column":11}},"33":{"start":{"line":97,"column":10},"end":{"line":100,"column":13}},"34":{"start":{"line":107,"column":4},"end":{"line":107,"column":26}},"35":{"start":{"line":108,"column":4},"end":{"line":118,"column":6}},"36":{"start":{"line":109,"column":22},"end":{"line":112,"column":7}},"37":{"start":{"line":114,"column":28},"end":{"line":114,"column":58}},"38":{"start":{"line":115,"column":8},"end":{"line":115,"column":36}},"39":{"start":{"line":116,"column":8},"end":{"line":116,"column":36}},"40":{"start":{"line":122,"column":4},"end":{"line":122,"column":26}},"41":{"start":{"line":123,"column":4},"end":{"line":123,"column":33}},"42":{"start":{"line":124,"column":4},"end":{"line":135,"column":6}},"43":{"start":{"line":125,"column":22},"end":{"line":128,"column":7}},"44":{"start":{"line":130,"column":28},"end":{"line":130,"column":66}},"45":{"start":{"line":132,"column":8},"end":{"line":132,"column":36}},"46":{"start":{"line":133,"column":8},"end":{"line":133,"column":36}},"47":{"start":{"line":139,"column":4},"end":{"line":139,"column":36}},"48":{"start":{"line":151,"column":8},"end":{"line":151,"column":18}},"49":{"start":{"line":153,"column":4},"end":{"line":155,"column":5}},"50":{"start":{"line":154,"column":6},"end":{"line":154,"column":13}},"51":{"start":{"line":157,"column":4},"end":{"line":178,"column":6}},"52":{"start":{"line":166,"column":32},"end":{"line":166,"column":53}},"53":{"start":{"line":167,"column":32},"end":{"line":167,"column":61}},"54":{"start":{"line":174,"column":38},"end":{"line":174,"column":73}}},"fnMap":{"0":{"name":"(anonymous_0)","decl":{"start":{"line":25,"column":2},"end":{"line":25,"column":3}},"loc":{"start":{"line":25,"column":21},"end":{"line":44,"column":3}},"line":25},"1":{"name":"(anonymous_1)","decl":{"start":{"line":29,"column":15},"end":{"line":29,"column":16}},"loc":{"start":{"line":30,"column":12},"end":{"line":35,"column":64}},"line":30},"2":{"name":"(anonymous_2)","decl":{"start":{"line":46,"column":2},"end":{"line":46,"column":3}},"loc":{"start":{"line":46,"column":21},"end":{"line":50,"column":3}},"line":46},"3":{"name":"(anonymous_3)","decl":{"start":{"line":52,"column":2},"end":{"line":52,"column":3}},"loc":{"start":{"line":52,"column":32},"end":{"line":69,"column":3}},"line":52},"4":{"name":"(anonymous_4)","decl":{"start":{"line":56,"column":23},"end":{"line":56,"column":24}},"loc":{"start":{"line":56,"column":37},"end":{"line":56,"column":70}},"line":56},"5":{"name":"(anonymous_5)","decl":{"start":{"line":59,"column":23},"end":{"line":59,"column":24}},"loc":{"start":{"line":59,"column":37},"end":{"line":59,"column":65}},"line":59},"6":{"name":"(anonymous_6)","decl":{"start":{"line":62,"column":23},"end":{"line":62,"column":24}},"loc":{"start":{"line":62,"column":37},"end":{"line":62,"column":65}},"line":62},"7":{"name":"(anonymous_7)","decl":{"start":{"line":71,"column":2},"end":{"line":71,"column":3}},"loc":{"start":{"line":71,"column":31},"end":{"line":81,"column":3}},"line":71},"8":{"name":"(anonymous_8)","decl":{"start":{"line":73,"column":12},"end":{"line":73,"column":13}},"loc":{"start":{"line":73,"column":24},"end":{"line":73,"column":37}},"line":73},"9":{"name":"(anonymous_9)","decl":{"start":{"line":74,"column":12},"end":{"line":74,"column":13}},"loc":{"start":{"line":74,"column":24},"end":{"line":80,"column":7}},"line":74},"10":{"name":"(anonymous_10)","decl":{"start":{"line":83,"column":2},"end":{"line":83,"column":3}},"loc":{"start":{"line":83,"column":14},"end":{"line":86,"column":3}},"line":83},"11":{"name":"(anonymous_11)","decl":{"start":{"line":88,"column":2},"end":{"line":88,"column":3}},"loc":{"start":{"line":88,"column":22},"end":{"line":104,"column":3}},"line":88},"12":{"name":"(anonymous_12)","decl":{"start":{"line":92,"column":6},"end":{"line":92,"column":7}},"loc":{"start":{"line":92,"column":22},"end":{"line":92,"column":78}},"line":92},"13":{"name":"(anonymous_13)","decl":{"start":{"line":93,"column":6},"end":{"line":93,"column":7}},"loc":{"start":{"line":93,"column":12},"end":{"line":102,"column":7}},"line":93},"14":{"name":"(anonymous_14)","decl":{"start":{"line":96,"column":41},"end":{"line":96,"column":42}},"loc":{"start":{"line":96,"column":52},"end":{"line":101,"column":9}},"line":96},"15":{"name":"(anonymous_15)","decl":{"start":{"line":106,"column":2},"end":{"line":106,"column":3}},"loc":{"start":{"line":106,"column":22},"end":{"line":119,"column":3}},"line":106},"16":{"name":"(anonymous_16)","decl":{"start":{"line":109,"column":6},"end":{"line":109,"column":7}},"loc":{"start":{"line":109,"column":22},"end":{"line":112,"column":7}},"line":109},"17":{"name":"(anonymous_17)","decl":{"start":{"line":113,"column":6},"end":{"line":113,"column":7}},"loc":{"start":{"line":113,"column":12},"end":{"line":117,"column":7}},"line":113},"18":{"name":"(anonymous_18)","decl":{"start":{"line":121,"column":2},"end":{"line":121,"column":3}},"loc":{"start":{"line":121,"column":38},"end":{"line":136,"column":3}},"line":121},"19":{"name":"(anonymous_19)","decl":{"start":{"line":125,"column":6},"end":{"line":125,"column":7}},"loc":{"start":{"line":125,"column":22},"end":{"line":128,"column":7}},"line":125},"20":{"name":"(anonymous_20)","decl":{"start":{"line":129,"column":6},"end":{"line":129,"column":7}},"loc":{"start":{"line":129,"column":12},"end":{"line":134,"column":7}},"line":129},"21":{"name":"(anonymous_21)","decl":{"start":{"line":138,"column":2},"end":{"line":138,"column":3}},"loc":{"start":{"line":138,"column":24},"end":{"line":140,"column":3}},"line":138},"22":{"name":"(anonymous_22)","decl":{"start":{"line":142,"column":2},"end":{"line":142,"column":3}},"loc":{"start":{"line":142,"column":11},"end":{"line":179,"column":3}},"line":142},"23":{"name":"(anonymous_23)","decl":{"start":{"line":166,"column":22},"end":{"line":166,"column":23}},"loc":{"start":{"line":166,"column":32},"end":{"line":166,"column":53}},"line":166},"24":{"name":"(anonymous_24)","decl":{"start":{"line":167,"column":22},"end":{"line":167,"column":23}},"loc":{"start":{"line":167,"column":32},"end":{"line":167,"column":61}},"line":167},"25":{"name":"(anonymous_25)","decl":{"start":{"line":174,"column":22},"end":{"line":174,"column":23}},"loc":{"start":{"line":174,"column":38},"end":{"line":174,"column":73}},"line":174}},"branchMap":{"0":{"loc":{"start":{"line":26,"column":25},"end":{"line":37,"column":26}},"type":"cond-expr","locations":[{"start":{"line":27,"column":8},"end":{"line":27,"column":10}},{"start":{"line":28,"column":8},"end":{"line":37,"column":26}}],"line":26},"1":{"loc":{"start":{"line":30,"column":12},"end":{"line":35,"column":64}},"type":"cond-expr","locations":[{"start":{"line":32,"column":16},"end":{"line":32,"column":18}},{"start":{"line":33,"column":16},"end":{"line":35,"column":64}}],"line":30},"2":{"loc":{"start":{"line":30,"column":12},"end":{"line":31,"column":47}},"type":"binary-expr","locations":[{"start":{"line":30,"column":12},"end":{"line":30,"column":49}},{"start":{"line":31,"column":12},"end":{"line":31,"column":47}}],"line":30},"3":{"loc":{"start":{"line":39,"column":23},"end":{"line":39,"column":78}},"type":"cond-expr","locations":[{"start":{"line":39,"column":42},"end":{"line":39,"column":50}},{"start":{"line":39,"column":53},"end":{"line":39,"column":78}}],"line":39},"4":{"loc":{"start":{"line":139,"column":11},"end":{"line":139,"column":35}},"type":"binary-expr","locations":[{"start":{"line":139,"column":11},"end":{"line":139,"column":20}},{"start":{"line":139,"column":24},"end":{"line":139,"column":35}}],"line":139},"5":{"loc":{"start":{"line":153,"column":4},"end":{"line":155,"column":5}},"type":"if","locations":[{"start":{"line":153,"column":4},"end":{"line":155,"column":5}},{"start":{},"end":{}}],"line":153}},"s":{"0":0,"1":0,"2":0,"3":0,"4":0,"5":0,"6":0,"7":0,"8":0,"9":0,"10":0,"11":0,"12":0,"13":0,"14":0,"15":0,"16":0,"17":0,"18":0,"19":0,"20":0,"21":0,"22":0,"23":0,"24":0,"25":0,"26":0,"27":0,"28":0,"29":0,"30":0,"31":0,"32":0,"33":0,"34":0,"35":0,"36":0,"37":0,"38":0,"39":0,"40":0,"41":0,"42":0,"43":0,"44":0,"45":0,"46":0,"47":0,"48":0,"49":0,"50":0,"51":0,"52":0,"53":0,"54":0},"f":{"0":0,"1":0,"2":0,"3":0,"4":0,"5":0,"6":0,"7":0,"8":0,"9":0,"10":0,"11":0,"12":0,"13":0,"14":0,"15":0,"16":0,"17":0,"18":0,"19":0,"20":0,"21":0,"22":0,"23":0,"24":0,"25":0},"b":{"0":[0,0],"1":[0,0],"2":[0,0],"3":[0,0],"4":[0,0],"5":[0,0]}}
,"/Users/Vera/work/optimus-prime/optimus-prime/client/src/pages/property.jsx": {"path":"/Users/Vera/work/optimus-prime/optimus-prime/client/src/pages/property.jsx","statementMap":{"0":{"start":{"line":17,"column":10},"end":{"line":20,"column":3}},"1":{"start":{"line":23,"column":28},"end":{"line":23,"column":51}},"2":{"start":{"line":25,"column":4},"end":{"line":31,"column":58}},"3":{"start":{"line":26,"column":21},"end":{"line":26,"column":31}},"4":{"start":{"line":28,"column":8},"end":{"line":28,"column":51}},"5":{"start":{"line":30,"column":19},"end":{"line":30,"column":67}},"6":{"start":{"line":31,"column":21},"end":{"line":31,"column":56}},"7":{"start":{"line":35,"column":43},"end":{"line":35,"column":53}},"8":{"start":{"line":37,"column":4},"end":{"line":39,"column":5}},"9":{"start":{"line":38,"column":6},"end":{"line":38,"column":25}},"10":{"start":{"line":41,"column":4},"end":{"line":43,"column":5}},"11":{"start":{"line":42,"column":6},"end":{"line":42,"column":50}},"12":{"start":{"line":45,"column":4},"end":{"line":47,"column":5}},"13":{"start":{"line":46,"column":6},"end":{"line":46,"column":47}},"14":{"start":{"line":49,"column":4},"end":{"line":79,"column":6}}},"fnMap":{"0":{"name":"(anonymous_0)","decl":{"start":{"line":22,"column":2},"end":{"line":22,"column":3}},"loc":{"start":{"line":22,"column":22},"end":{"line":32,"column":3}},"line":22},"1":{"name":"(anonymous_1)","decl":{"start":{"line":26,"column":12},"end":{"line":26,"column":13}},"loc":{"start":{"line":26,"column":21},"end":{"line":26,"column":31}},"line":26},"2":{"name":"(anonymous_2)","decl":{"start":{"line":27,"column":12},"end":{"line":27,"column":13}},"loc":{"start":{"line":27,"column":22},"end":{"line":29,"column":7}},"line":27},"3":{"name":"(anonymous_3)","decl":{"start":{"line":30,"column":13},"end":{"line":30,"column":14}},"loc":{"start":{"line":30,"column":19},"end":{"line":30,"column":67}},"line":30},"4":{"name":"(anonymous_4)","decl":{"start":{"line":31,"column":15},"end":{"line":31,"column":16}},"loc":{"start":{"line":31,"column":21},"end":{"line":31,"column":56}},"line":31},"5":{"name":"(anonymous_5)","decl":{"start":{"line":34,"column":2},"end":{"line":34,"column":3}},"loc":{"start":{"line":34,"column":11},"end":{"line":80,"column":3}},"line":34}},"branchMap":{"0":{"loc":{"start":{"line":37,"column":4},"end":{"line":39,"column":5}},"type":"if","locations":[{"start":{"line":37,"column":4},"end":{"line":39,"column":5}},{"start":{},"end":{}}],"line":37},"1":{"loc":{"start":{"line":41,"column":4},"end":{"line":43,"column":5}},"type":"if","locations":[{"start":{"line":41,"column":4},"end":{"line":43,"column":5}},{"start":{},"end":{}}],"line":41},"2":{"loc":{"start":{"line":45,"column":4},"end":{"line":47,"column":5}},"type":"if","locations":[{"start":{"line":45,"column":4},"end":{"line":47,"column":5}},{"start":{},"end":{}}],"line":45}},"s":{"0":0,"1":0,"2":0,"3":0,"4":0,"5":0,"6":0,"7":0,"8":0,"9":0,"10":0,"11":0,"12":0,"13":0,"14":0},"f":{"0":0,"1":0,"2":0,"3":0,"4":0,"5":0},"b":{"0":[0,0],"1":[0,0],"2":[0,0]}}
}
